[ 2017-08-25T08:26:21+08:00 ] ::1 /minigongszzw/index.php/Ht/Index/index.html
NOTIC: [8] Use of undefined constant SHOW_PAGE_TRACE - assumed 'SHOW_PAGE_TRACE' F:\phpStudy\WWW\minigongszzw\App\Common\Conf\debug.php 第 4 行.
INFO: [ app_init ] --START--
INFO: Run Behavior\BuildLiteBehavior [ RunTime:0.000015s ]
INFO: [ app_init ] --END-- [ RunTime:0.000059s ]
INFO: [ app_begin ] --START--
INFO: Run Behavior\ReadHtmlCacheBehavior [ RunTime:0.000771s ]
INFO: [ app_begin ] --END-- [ RunTime:0.000831s ]
INFO: [ view_parse ] --START--
INFO: [ template_filter ] --START--
INFO: Run Behavior\ContentReplaceBehavior [ RunTime:0.000054s ]
INFO: [ template_filter ] --END-- [ RunTime:0.000113s ]
INFO: Run Behavior\ParseTemplateBehavior [ RunTime:0.006383s ]
INFO: [ view_parse ] --END-- [ RunTime:0.006446s ]
INFO: [ view_filter ] --START--
INFO: Run Behavior\WriteHtmlCacheBehavior [ RunTime:0.000715s ]
INFO: [ view_filter ] --END-- [ RunTime:0.000769s ]

[ 2017-08-25T08:26:22+08:00 ] ::1 /minigongszzw/index.php/Ht/Login/index.html
NOTIC: [8] Use of undefined constant SHOW_PAGE_TRACE - assumed 'SHOW_PAGE_TRACE' F:\phpStudy\WWW\minigongszzw\App\Common\Conf\debug.php 第 4 行.
INFO: [ app_init ] --START--
INFO: Run Behavior\BuildLiteBehavior [ RunTime:0.000014s ]
INFO: [ app_init ] --END-- [ RunTime:0.000063s ]
INFO: [ app_begin ] --START--
INFO: Run Behavior\ReadHtmlCacheBehavior [ RunTime:0.001643s ]
INFO: [ app_begin ] --END-- [ RunTime:0.001845s ]
SQL: SHOW COLUMNS FROM `lr_program` [ RunTime:0.0666s ]
SQL: SELECT * FROM `lr_program` LIMIT 1   [ RunTime:0.0005s ]
INFO: [ view_parse ] --START--
INFO: [ template_filter ] --START--
INFO: Run Behavior\ContentReplaceBehavior [ RunTime:0.000056s ]
INFO: [ template_filter ] --END-- [ RunTime:0.000112s ]
NOTIC: [8] Undefined variable: key F:\phpStudy\WWW\minigongszzw\App\Runtime\Cache\Ht\2d4ce69e9c2d15d777794fcdbaefd3a2.php 第 24 行.
INFO: Run Behavior\ParseTemplateBehavior [ RunTime:0.007308s ]
INFO: [ view_parse ] --END-- [ RunTime:0.007368s ]
INFO: [ view_filter ] --START--
INFO: Run Behavior\WriteHtmlCacheBehavior [ RunTime:0.000364s ]
INFO: [ view_filter ] --END-- [ RunTime:0.000401s ]
INFO: [ app_end ] --START--
INFO: Run Behavior\ShowPageTraceBehavior [ RunTime:0.000695s ]
INFO: [ app_end ] --END-- [ RunTime:0.000738s ]

[ 2017-08-25T08:26:30+08:00 ] ::1 /minigongszzw/index.php/Ht/Login/index.html?key=
NOTIC: [8] Use of undefined constant SHOW_PAGE_TRACE - assumed 'SHOW_PAGE_TRACE' F:\phpStudy\WWW\minigongszzw\App\Common\Conf\debug.php 第 4 行.
INFO: [ app_init ] --START--
INFO: Run Behavior\BuildLiteBehavior [ RunTime:0.000013s ]
INFO: [ app_init ] --END-- [ RunTime:0.000061s ]
INFO: [ app_begin ] --START--
INFO: Run Behavior\ReadHtmlCacheBehavior [ RunTime:0.000718s ]
INFO: [ app_begin ] --END-- [ RunTime:0.000776s ]
SQL: SHOW COLUMNS FROM `lr_adminuser` [ RunTime:0.0637s ]
SQL: SELECT * FROM `lr_adminuser` WHERE ( name='admin' AND del<1 ) LIMIT 1   [ RunTime:0.0005s ]
SQL: SHOW COLUMNS FROM `lr_program` [ RunTime:0.0027s ]
SQL: SELECT * FROM `lr_program` LIMIT 1   [ RunTime:0.0004s ]
NOTIC: [8] Undefined index: shop_id F:\phpStudy\WWW\minigongszzw\App\Ht\Controller\LoginController.class.php 第 19 行.
NOTIC: [8] Undefined index: name F:\phpStudy\WWW\minigongszzw\App\Ht\Controller\LoginController.class.php 第 23 行.
INFO: [ view_parse ] --START--
INFO: [ template_filter ] --START--
INFO: Run Behavior\ContentReplaceBehavior [ RunTime:0.000047s ]
INFO: [ template_filter ] --END-- [ RunTime:0.000098s ]
INFO: Run Behavior\ParseTemplateBehavior [ RunTime:0.007142s ]
INFO: [ view_parse ] --END-- [ RunTime:0.007199s ]
INFO: [ view_filter ] --START--
INFO: Run Behavior\WriteHtmlCacheBehavior [ RunTime:0.000433s ]
INFO: [ view_filter ] --END-- [ RunTime:0.000468s ]
INFO: [ app_end ] --START--
INFO: Run Behavior\ShowPageTraceBehavior [ RunTime:0.000654s ]
INFO: [ app_end ] --END-- [ RunTime:0.000691s ]

[ 2017-08-25T08:26:31+08:00 ] ::1 /minigongszzw/index.php/Ht/Index/index.html
NOTIC: [8] Use of undefined constant SHOW_PAGE_TRACE - assumed 'SHOW_PAGE_TRACE' F:\phpStudy\WWW\minigongszzw\App\Common\Conf\debug.php 第 4 行.
INFO: [ app_init ] --START--
INFO: Run Behavior\BuildLiteBehavior [ RunTime:0.000016s ]
INFO: [ app_init ] --END-- [ RunTime:0.000066s ]
INFO: [ app_begin ] --START--
INFO: Run Behavior\ReadHtmlCacheBehavior [ RunTime:0.000815s ]
INFO: [ app_begin ] --END-- [ RunTime:0.000881s ]
SQL: SHOW COLUMNS FROM `lr_web` [ RunTime:0.0905s ]
SQL: SELECT `concent` FROM `lr_web` WHERE ( id=5 ) LIMIT 1   [ RunTime:0.0003s ]
INFO: [ view_parse ] --START--
INFO: [ template_filter ] --START--
INFO: Run Behavior\ContentReplaceBehavior [ RunTime:0.000200s ]
INFO: [ template_filter ] --END-- [ RunTime:0.000495s ]
INFO: Run Behavior\ParseTemplateBehavior [ RunTime:0.060010s ]
INFO: [ view_parse ] --END-- [ RunTime:0.060077s ]
INFO: [ view_filter ] --START--
INFO: Run Behavior\WriteHtmlCacheBehavior [ RunTime:0.001251s ]
INFO: [ view_filter ] --END-- [ RunTime:0.001305s ]
INFO: [ app_end ] --START--
INFO: Run Behavior\ShowPageTraceBehavior [ RunTime:0.000741s ]
INFO: [ app_end ] --END-- [ RunTime:0.000810s ]

[ 2017-08-25T08:26:31+08:00 ] ::1 /minigongszzw/index.php/Ht/Index/welcome.html
NOTIC: [8] Use of undefined constant SHOW_PAGE_TRACE - assumed 'SHOW_PAGE_TRACE' F:\phpStudy\WWW\minigongszzw\App\Common\Conf\debug.php 第 4 行.
INFO: [ app_init ] --START--
INFO: Run Behavior\BuildLiteBehavior [ RunTime:0.000014s ]
INFO: [ app_init ] --END-- [ RunTime:0.000056s ]
INFO: [ app_begin ] --START--
INFO: Run Behavior\ReadHtmlCacheBehavior [ RunTime:0.000646s ]
INFO: [ app_begin ] --END-- [ RunTime:0.000705s ]
SQL: SHOW COLUMNS FROM `lr_order` [ RunTime:0.0609s ]
SQL: SHOW COLUMNS FROM `lr_user` [ RunTime:0.0407s ]
SQL: SHOW COLUMNS FROM `lr_product` [ RunTime:0.0283s ]
SQL: SHOW COLUMNS FROM `lr_brand` [ RunTime:0.0249s ]
SQL: SHOW COLUMNS FROM `lr_shangchang` [ RunTime:0.0285s ]
SQL: SELECT COUNT(*) AS tp_count FROM `lr_order` WHERE ( del=0 ) LIMIT 1   [ RunTime:0.0004s ]
SQL: SELECT COUNT(*) AS tp_count FROM `lr_user` WHERE ( del=0 ) LIMIT 1   [ RunTime:0.0003s ]
SQL: SELECT COUNT(*) AS tp_count FROM `lr_product` WHERE ( del=0 ) LIMIT 1   [ RunTime:0.0002s ]
SQL: SELECT COUNT(*) AS tp_count FROM `lr_brand` LIMIT 1   [ RunTime:0.0003s ]
SQL: SELECT COUNT(*) AS tp_count FROM `lr_shangchang` LIMIT 1   [ RunTime:0.0002s ]
SQL: SELECT `price` FROM `lr_order` WHERE ( del=0 AND status>10 AND back!=2 )  [ RunTime:0.0003s ]
SQL: SELECT COUNT(*) AS tp_count FROM `lr_order` WHERE ( del=0 AND addtime>=1503590400 ) LIMIT 1   [ RunTime:0.0003s ]
SQL: SELECT COUNT(*) AS tp_count FROM `lr_user` WHERE ( del=0 AND addtime>=1503590400 ) LIMIT 1   [ RunTime:0.0002s ]
SQL: SELECT COUNT(*) AS tp_count FROM `lr_product` WHERE ( del=0 AND addtime>=1503590400 ) LIMIT 1   [ RunTime:0.0002s ]
SQL: SELECT COUNT(*) AS tp_count FROM `lr_brand` WHERE ( addtime>=1503590400 ) LIMIT 1   [ RunTime:0.0002s ]
SQL: SELECT COUNT(*) AS tp_count FROM `lr_shangchang` WHERE ( addtime>=1503590400 ) LIMIT 1   [ RunTime:0.0002s ]
SQL: SELECT COUNT(*) AS tp_count FROM `lr_order` WHERE ( del=0 AND status>10 AND back!=2 AND addtime>=1503590400 ) LIMIT 1   [ RunTime:0.0002s ]
NOTIC: [2] Invalid argument supplied for foreach() F:\phpStudy\WWW\minigongszzw\App\Ht\Controller\IndexController.class.php 第 58 行.
SQL: SELECT COUNT(*) AS tp_count FROM `lr_product` WHERE ( del=0 ) LIMIT 1   [ RunTime:0.0002s ]
SQL: SELECT COUNT(*) AS tp_count FROM `lr_product` WHERE ( del=0 AND addtime>=1503590400 ) LIMIT 1   [ RunTime:0.0002s ]
SQL: SELECT COUNT(*) AS tp_count FROM `lr_order` WHERE ( del=0 AND back!=2 AND addtime>=1501516800 ) LIMIT 1   [ RunTime:0.0002s ]
SQL: SELECT COUNT(*) AS tp_count FROM `lr_user` WHERE ( del=0 AND addtime>=1501516800 ) LIMIT 1   [ RunTime:0.0002s ]
SQL: SELECT COUNT(*) AS tp_count FROM `lr_product` WHERE ( del=0 AND addtime>=1501516800 ) LIMIT 1   [ RunTime:0.0002s ]
SQL: SELECT COUNT(*) AS tp_count FROM `lr_brand` WHERE ( addtime>=1501516800 ) LIMIT 1   [ RunTime:0.0002s ]
SQL: SELECT COUNT(*) AS tp_count FROM `lr_shangchang` WHERE ( addtime>=1501516800 ) LIMIT 1   [ RunTime:0.0002s ]
SQL: SELECT `price` FROM `lr_order` WHERE ( del=0 AND back!=2 AND addtime>=1501516800 )  [ RunTime:0.0002s ]
NOTIC: [8] Undefined variable: thismonthpay F:\phpStudy\WWW\minigongszzw\App\Ht\Controller\IndexController.class.php 第 74 行.
NOTIC: [2] Invalid argument supplied for foreach() F:\phpStudy\WWW\minigongszzw\App\Ht\Controller\IndexController.class.php 第 74 行.
INFO: [ view_parse ] --START--
INFO: [ template_filter ] --START--
INFO: Run Behavior\ContentReplaceBehavior [ RunTime:0.000067s ]
INFO: [ template_filter ] --END-- [ RunTime:0.000133s ]
INFO: Run Behavior\ParseTemplateBehavior [ RunTime:0.007351s ]
INFO: [ view_parse ] --END-- [ RunTime:0.007415s ]
INFO: [ view_filter ] --START--
INFO: Run Behavior\WriteHtmlCacheBehavior [ RunTime:0.000369s ]
INFO: [ view_filter ] --END-- [ RunTime:0.000407s ]
INFO: [ app_end ] --START--
INFO: Run Behavior\ShowPageTraceBehavior [ RunTime:0.000599s ]
INFO: [ app_end ] --END-- [ RunTime:0.000662s ]

[ 2017-08-25T08:26:36+08:00 ] ::1 /minigongszzw/index.php/Ht/Suggest/index.html
NOTIC: [8] Use of undefined constant SHOW_PAGE_TRACE - assumed 'SHOW_PAGE_TRACE' F:\phpStudy\WWW\minigongszzw\App\Common\Conf\debug.php 第 4 行.
INFO: [ app_init ] --START--
INFO: Run Behavior\BuildLiteBehavior [ RunTime:0.000014s ]
INFO: [ app_init ] --END-- [ RunTime:0.000057s ]
INFO: [ app_begin ] --START--
INFO: Run Behavior\ReadHtmlCacheBehavior [ RunTime:0.000659s ]
INFO: [ app_begin ] --END-- [ RunTime:0.000717s ]
SQL: SHOW COLUMNS FROM `lr_suggest` [ RunTime:0.0183s ]
SQL: SELECT * FROM `lr_suggest`  [ RunTime:0.0003s ]
SQL: SHOW COLUMNS FROM `lr_user` [ RunTime:0.0039s ]
SQL: SELECT `uname` FROM `lr_user` WHERE ( id="1" ) LIMIT 1   [ RunTime:0.0012s ]
SQL: SELECT `uname` FROM `lr_user` WHERE ( id="1" ) LIMIT 1   [ RunTime:0.0008s ]
INFO: [ view_parse ] --START--
INFO: [ template_filter ] --START--
INFO: Run Behavior\ContentReplaceBehavior [ RunTime:0.000061s ]
INFO: [ template_filter ] --END-- [ RunTime:0.000122s ]
INFO: Run Behavior\ParseTemplateBehavior [ RunTime:0.012544s ]
INFO: [ view_parse ] --END-- [ RunTime:0.012614s ]
INFO: [ view_filter ] --START--
INFO: Run Behavior\WriteHtmlCacheBehavior [ RunTime:0.000364s ]
INFO: [ view_filter ] --END-- [ RunTime:0.000403s ]
INFO: [ app_end ] --START--
INFO: Run Behavior\ShowPageTraceBehavior [ RunTime:0.000618s ]
INFO: [ app_end ] --END-- [ RunTime:0.000662s ]

[ 2017-08-25T08:26:48+08:00 ] ::1 /minigongszzw/index.php/Ht/Order/index.html
NOTIC: [8] Use of undefined constant SHOW_PAGE_TRACE - assumed 'SHOW_PAGE_TRACE' F:\phpStudy\WWW\minigongszzw\App\Common\Conf\debug.php 第 4 行.
INFO: [ app_init ] --START--
INFO: Run Behavior\BuildLiteBehavior [ RunTime:0.000014s ]
INFO: [ app_init ] --END-- [ RunTime:0.000055s ]
INFO: [ app_begin ] --START--
INFO: Run Behavior\ReadHtmlCacheBehavior [ RunTime:0.000657s ]
INFO: [ app_begin ] --END-- [ RunTime:0.000708s ]
NOTIC: [2048] Declaration of Ht\Controller\OrderController::show() should be compatible with Think\Controller::show($content, $charset = '', $contentType = '', $prefix = '') F:\phpStudy\WWW\minigongszzw\App\Ht\Controller\OrderController.class.php 第 4 行.
SQL: SHOW COLUMNS FROM `lr_order` [ RunTime:0.0044s ]
SQL: SHOW COLUMNS FROM `lr_order_product` [ RunTime:0.0071s ]
NOTIC: [8] Undefined index: shop_id F:\phpStudy\WWW\minigongszzw\App\Ht\Controller\OrderController.class.php 第 32 行.
NOTIC: [8] Undefined index: pay_type F:\phpStudy\WWW\minigongszzw\App\Ht\Controller\OrderController.class.php 第 35 行.
NOTIC: [8] Undefined index: pay_status F:\phpStudy\WWW\minigongszzw\App\Ht\Controller\OrderController.class.php 第 36 行.
NOTIC: [8] Undefined index: start_time F:\phpStudy\WWW\minigongszzw\App\Ht\Controller\OrderController.class.php 第 37 行.
NOTIC: [8] Undefined index: end_time F:\phpStudy\WWW\minigongszzw\App\Ht\Controller\OrderController.class.php 第 38 行.
SQL: SELECT COUNT(*) AS tp_count FROM `lr_order` WHERE ( 1=1 AND del=0 ) LIMIT 1   [ RunTime:0.0008s ]
SQL: SELECT * FROM `lr_order` WHERE ( 1=1 AND del=0 ) ORDER BY id desc LIMIT 0,25   [ RunTime:0.0007s ]
SQL: SHOW COLUMNS FROM `lr_user` [ RunTime:0.0034s ]
SQL: SELECT `name` FROM `lr_user` WHERE ( id=1 ) LIMIT 1   [ RunTime:0.0004s ]
SQL: SELECT `name` FROM `lr_user` WHERE ( id=1 ) LIMIT 1   [ RunTime:0.0003s ]
SQL: SELECT `name` FROM `lr_user` WHERE ( id=1 ) LIMIT 1   [ RunTime:0.0003s ]
SQL: SELECT `name` FROM `lr_user` WHERE ( id=1 ) LIMIT 1   [ RunTime:0.0003s ]
INFO: [ view_parse ] --START--
INFO: [ template_filter ] --START--
INFO: Run Behavior\ContentReplaceBehavior [ RunTime:0.000077s ]
INFO: [ template_filter ] --END-- [ RunTime:0.000124s ]
NOTIC: [8] Undefined variable: shop_id F:\phpStudy\WWW\minigongszzw\App\Runtime\Cache\Ht\bb73bcf6e97ca0b1f5a53051a7857618.php 第 21 行.
NOTIC: [8] Undefined variable: pay_type F:\phpStudy\WWW\minigongszzw\App\Runtime\Cache\Ht\bb73bcf6e97ca0b1f5a53051a7857618.php 第 32 行.
NOTIC: [8] Undefined variable: pay_type F:\phpStudy\WWW\minigongszzw\App\Runtime\Cache\Ht\bb73bcf6e97ca0b1f5a53051a7857618.php 第 33 行.
NOTIC: [8] Undefined variable: pay_status F:\phpStudy\WWW\minigongszzw\App\Runtime\Cache\Ht\bb73bcf6e97ca0b1f5a53051a7857618.php 第 42 行.
NOTIC: [8] Undefined variable: pay_status F:\phpStudy\WWW\minigongszzw\App\Runtime\Cache\Ht\bb73bcf6e97ca0b1f5a53051a7857618.php 第 42 行.
NOTIC: [8] Undefined variable: pay_status F:\phpStudy\WWW\minigongszzw\App\Runtime\Cache\Ht\bb73bcf6e97ca0b1f5a53051a7857618.php 第 42 行.
NOTIC: [8] Undefined variable: pay_status F:\phpStudy\WWW\minigongszzw\App\Runtime\Cache\Ht\bb73bcf6e97ca0b1f5a53051a7857618.php 第 42 行.
NOTIC: [8] Undefined variable: pay_status F:\phpStudy\WWW\minigongszzw\App\Runtime\Cache\Ht\bb73bcf6e97ca0b1f5a53051a7857618.php 第 42 行.
NOTIC: [8] Undefined variable: pay_status F:\phpStudy\WWW\minigongszzw\App\Runtime\Cache\Ht\bb73bcf6e97ca0b1f5a53051a7857618.php 第 44 行.
NOTIC: [8] Undefined variable: pay_status F:\phpStudy\WWW\minigongszzw\App\Runtime\Cache\Ht\bb73bcf6e97ca0b1f5a53051a7857618.php 第 45 行.
NOTIC: [8] Undefined variable: start_time F:\phpStudy\WWW\minigongszzw\App\Runtime\Cache\Ht\bb73bcf6e97ca0b1f5a53051a7857618.php 第 51 行.
NOTIC: [8] Undefined variable: end_time F:\phpStudy\WWW\minigongszzw\App\Runtime\Cache\Ht\bb73bcf6e97ca0b1f5a53051a7857618.php 第 52 行.
NOTIC: [8] Undefined index: name F:\phpStudy\WWW\minigongszzw\App\Runtime\Cache\Ht\bb73bcf6e97ca0b1f5a53051a7857618.php 第 67 行.
NOTIC: [8] Undefined index: name F:\phpStudy\WWW\minigongszzw\App\Runtime\Cache\Ht\bb73bcf6e97ca0b1f5a53051a7857618.php 第 67 行.
NOTIC: [8] Undefined index: name F:\phpStudy\WWW\minigongszzw\App\Runtime\Cache\Ht\bb73bcf6e97ca0b1f5a53051a7857618.php 第 67 行.
NOTIC: [8] Undefined index: name F:\phpStudy\WWW\minigongszzw\App\Runtime\Cache\Ht\bb73bcf6e97ca0b1f5a53051a7857618.php 第 67 行.
INFO: Run Behavior\ParseTemplateBehavior [ RunTime:0.015756s ]
INFO: [ view_parse ] --END-- [ RunTime:0.015803s ]
INFO: [ view_filter ] --START--
INFO: Run Behavior\WriteHtmlCacheBehavior [ RunTime:0.000393s ]
INFO: [ view_filter ] --END-- [ RunTime:0.000428s ]
INFO: [ app_end ] --START--
INFO: Run Behavior\ShowPageTraceBehavior [ RunTime:0.000574s ]
INFO: [ app_end ] --END-- [ RunTime:0.000612s ]

[ 2017-08-25T08:27:11+08:00 ] ::1 /minigongszzw/index.php/Ht/Agency/index.html
NOTIC: [8] Use of undefined constant SHOW_PAGE_TRACE - assumed 'SHOW_PAGE_TRACE' F:\phpStudy\WWW\minigongszzw\App\Common\Conf\debug.php 第 4 行.
INFO: [ app_init ] --START--
INFO: Run Behavior\BuildLiteBehavior [ RunTime:0.000013s ]
INFO: [ app_init ] --END-- [ RunTime:0.000053s ]
INFO: [ app_begin ] --START--
INFO: Run Behavior\ReadHtmlCacheBehavior [ RunTime:0.000732s ]
INFO: [ app_begin ] --END-- [ RunTime:0.001822s ]
SQL: SHOW COLUMNS FROM `lr_agency` [ RunTime:0.0271s ]
SQL: SELECT COUNT(*) AS tp_count FROM `lr_agency` LIMIT 1   [ RunTime:0.0003s ]
NOTIC: [8] Undefined index: page F:\phpStudy\WWW\minigongszzw\App\Ht\Controller\AgencyController.class.php 第 13 行.
SQL: SELECT * FROM `lr_agency` LIMIT 0,20   [ RunTime:0.0003s ]
INFO: [ view_parse ] --START--
INFO: [ template_filter ] --START--
INFO: Run Behavior\ContentReplaceBehavior [ RunTime:0.000061s ]
INFO: [ template_filter ] --END-- [ RunTime:0.000109s ]
INFO: Run Behavior\ParseTemplateBehavior [ RunTime:0.011214s ]
INFO: [ view_parse ] --END-- [ RunTime:0.011271s ]
INFO: [ view_filter ] --START--
INFO: Run Behavior\WriteHtmlCacheBehavior [ RunTime:0.000378s ]
INFO: [ view_filter ] --END-- [ RunTime:0.000415s ]
INFO: [ app_end ] --START--
INFO: Run Behavior\ShowPageTraceBehavior [ RunTime:0.000592s ]
INFO: [ app_end ] --END-- [ RunTime:0.000629s ]

[ 2017-08-25T08:37:23+08:00 ] ::1 /minigongszzw/index.php/Ht/Login/logout.html
NOTIC: [8] Use of undefined constant SHOW_PAGE_TRACE - assumed 'SHOW_PAGE_TRACE' F:\phpStudy\WWW\minigongszzw\App\Common\Conf\debug.php 第 4 行.
INFO: [ app_init ] --START--
INFO: Run Behavior\BuildLiteBehavior [ RunTime:0.000016s ]
INFO: [ app_init ] --END-- [ RunTime:0.000075s ]
INFO: [ app_begin ] --START--
INFO: Run Behavior\ReadHtmlCacheBehavior [ RunTime:0.000760s ]
INFO: [ app_begin ] --END-- [ RunTime:0.000823s ]
INFO: [ view_parse ] --START--
INFO: [ template_filter ] --START--
INFO: Run Behavior\ContentReplaceBehavior [ RunTime:0.000053s ]
INFO: [ template_filter ] --END-- [ RunTime:0.000114s ]
INFO: Run Behavior\ParseTemplateBehavior [ RunTime:0.010403s ]
INFO: [ view_parse ] --END-- [ RunTime:0.010466s ]
INFO: [ view_filter ] --START--
INFO: Run Behavior\WriteHtmlCacheBehavior [ RunTime:0.000558s ]
INFO: [ view_filter ] --END-- [ RunTime:0.000606s ]

[ 2017-08-25T08:37:24+08:00 ] ::1 /minigongszzw/index.php/Ht/Login/index.html
NOTIC: [8] Use of undefined constant SHOW_PAGE_TRACE - assumed 'SHOW_PAGE_TRACE' F:\phpStudy\WWW\minigongszzw\App\Common\Conf\debug.php 第 4 行.
INFO: [ app_init ] --START--
INFO: Run Behavior\BuildLiteBehavior [ RunTime:0.000015s ]
INFO: [ app_init ] --END-- [ RunTime:0.000068s ]
INFO: [ app_begin ] --START--
INFO: Run Behavior\ReadHtmlCacheBehavior [ RunTime:0.002282s ]
INFO: [ app_begin ] --END-- [ RunTime:0.002483s ]
SQL: SHOW COLUMNS FROM `lr_program` [ RunTime:0.0046s ]
SQL: SELECT * FROM `lr_program` LIMIT 1   [ RunTime:0.0004s ]
INFO: [ view_parse ] --START--
INFO: [ template_filter ] --START--
INFO: Run Behavior\ContentReplaceBehavior [ RunTime:0.000066s ]
INFO: [ template_filter ] --END-- [ RunTime:0.000133s ]
NOTIC: [8] Undefined variable: key F:\phpStudy\WWW\minigongszzw\App\Runtime\Cache\Ht\2d4ce69e9c2d15d777794fcdbaefd3a2.php 第 24 行.
INFO: Run Behavior\ParseTemplateBehavior [ RunTime:0.012730s ]
INFO: [ view_parse ] --END-- [ RunTime:0.012795s ]
INFO: [ view_filter ] --START--
INFO: Run Behavior\WriteHtmlCacheBehavior [ RunTime:0.000370s ]
INFO: [ view_filter ] --END-- [ RunTime:0.000411s ]
INFO: [ app_end ] --START--
INFO: Run Behavior\ShowPageTraceBehavior [ RunTime:0.000789s ]
INFO: [ app_end ] --END-- [ RunTime:0.000828s ]

[ 2017-08-25T14:37:33+08:00 ] ::1 /minigongszzw/index.php/Ht/Index/index.html
NOTIC: [8] Use of undefined constant SHOW_PAGE_TRACE - assumed 'SHOW_PAGE_TRACE' F:\phpStudy\WWW\minigongszzw\App\Common\Conf\debug.php 第 4 行.
INFO: [ app_init ] --START--
INFO: Run Behavior\BuildLiteBehavior [ RunTime:0.000013s ]
INFO: [ app_init ] --END-- [ RunTime:0.000057s ]
INFO: [ app_begin ] --START--
INFO: Run Behavior\ReadHtmlCacheBehavior [ RunTime:0.000833s ]
INFO: [ app_begin ] --END-- [ RunTime:0.000899s ]
SQL: SHOW COLUMNS FROM `lr_web` [ RunTime:0.0097s ]
SQL: SELECT `concent` FROM `lr_web` WHERE ( id=5 ) LIMIT 1   [ RunTime:0.0005s ]
INFO: [ view_parse ] --START--
INFO: [ template_filter ] --START--
INFO: Run Behavior\ContentReplaceBehavior [ RunTime:0.000214s ]
INFO: [ template_filter ] --END-- [ RunTime:0.000285s ]
INFO: Run Behavior\ParseTemplateBehavior [ RunTime:0.042908s ]
INFO: [ view_parse ] --END-- [ RunTime:0.042981s ]
INFO: [ view_filter ] --START--
INFO: Run Behavior\WriteHtmlCacheBehavior [ RunTime:0.000852s ]
INFO: [ view_filter ] --END-- [ RunTime:0.000906s ]
INFO: [ app_end ] --START--
INFO: Run Behavior\ShowPageTraceBehavior [ RunTime:0.004770s ]
INFO: [ app_end ] --END-- [ RunTime:0.004888s ]

[ 2017-08-25T14:37:33+08:00 ] ::1 /minigongszzw/index.php/Ht/Index/welcome.html
NOTIC: [8] Use of undefined constant SHOW_PAGE_TRACE - assumed 'SHOW_PAGE_TRACE' F:\phpStudy\WWW\minigongszzw\App\Common\Conf\debug.php 第 4 行.
INFO: [ app_init ] --START--
INFO: Run Behavior\BuildLiteBehavior [ RunTime:0.000018s ]
INFO: [ app_init ] --END-- [ RunTime:0.000093s ]
INFO: [ app_begin ] --START--
INFO: Run Behavior\ReadHtmlCacheBehavior [ RunTime:0.001175s ]
INFO: [ app_begin ] --END-- [ RunTime:0.001251s ]
SQL: SHOW COLUMNS FROM `lr_order` [ RunTime:0.0041s ]
SQL: SHOW COLUMNS FROM `lr_user` [ RunTime:0.0040s ]
SQL: SHOW COLUMNS FROM `lr_product` [ RunTime:0.0046s ]
SQL: SHOW COLUMNS FROM `lr_brand` [ RunTime:0.0873s ]
SQL: SHOW COLUMNS FROM `lr_shangchang` [ RunTime:0.0038s ]
SQL: SELECT COUNT(*) AS tp_count FROM `lr_order` WHERE ( del=0 ) LIMIT 1   [ RunTime:0.0005s ]
SQL: SELECT COUNT(*) AS tp_count FROM `lr_user` WHERE ( del=0 ) LIMIT 1   [ RunTime:0.0004s ]
SQL: SELECT COUNT(*) AS tp_count FROM `lr_product` WHERE ( del=0 ) LIMIT 1   [ RunTime:0.0004s ]
SQL: SELECT COUNT(*) AS tp_count FROM `lr_brand` LIMIT 1   [ RunTime:0.0002s ]
SQL: SELECT COUNT(*) AS tp_count FROM `lr_shangchang` LIMIT 1   [ RunTime:0.0003s ]
SQL: SELECT `price` FROM `lr_order` WHERE ( del=0 AND status>10 AND back!=2 )  [ RunTime:0.0003s ]
SQL: SELECT COUNT(*) AS tp_count FROM `lr_order` WHERE ( del=0 AND addtime>=1503590400 ) LIMIT 1   [ RunTime:0.0003s ]
SQL: SELECT COUNT(*) AS tp_count FROM `lr_user` WHERE ( del=0 AND addtime>=1503590400 ) LIMIT 1   [ RunTime:0.0003s ]
SQL: SELECT COUNT(*) AS tp_count FROM `lr_product` WHERE ( del=0 AND addtime>=1503590400 ) LIMIT 1   [ RunTime:0.0003s ]
SQL: SELECT COUNT(*) AS tp_count FROM `lr_brand` WHERE ( addtime>=1503590400 ) LIMIT 1   [ RunTime:0.0004s ]
SQL: SELECT COUNT(*) AS tp_count FROM `lr_shangchang` WHERE ( addtime>=1503590400 ) LIMIT 1   [ RunTime:0.0003s ]
SQL: SELECT COUNT(*) AS tp_count FROM `lr_order` WHERE ( del=0 AND status>10 AND back!=2 AND addtime>=1503590400 ) LIMIT 1   [ RunTime:0.0004s ]
NOTIC: [2] Invalid argument supplied for foreach() F:\phpStudy\WWW\minigongszzw\App\Ht\Controller\IndexController.class.php 第 58 行.
SQL: SELECT COUNT(*) AS tp_count FROM `lr_product` WHERE ( del=0 ) LIMIT 1   [ RunTime:0.0003s ]
SQL: SELECT COUNT(*) AS tp_count FROM `lr_product` WHERE ( del=0 AND addtime>=1503590400 ) LIMIT 1   [ RunTime:0.0003s ]
SQL: SELECT COUNT(*) AS tp_count FROM `lr_order` WHERE ( del=0 AND back!=2 AND addtime>=1501516800 ) LIMIT 1   [ RunTime:0.0003s ]
SQL: SELECT COUNT(*) AS tp_count FROM `lr_user` WHERE ( del=0 AND addtime>=1501516800 ) LIMIT 1   [ RunTime:0.0003s ]
SQL: SELECT COUNT(*) AS tp_count FROM `lr_product` WHERE ( del=0 AND addtime>=1501516800 ) LIMIT 1   [ RunTime:0.0007s ]
SQL: SELECT COUNT(*) AS tp_count FROM `lr_brand` WHERE ( addtime>=1501516800 ) LIMIT 1   [ RunTime:0.0004s ]
SQL: SELECT COUNT(*) AS tp_count FROM `lr_shangchang` WHERE ( addtime>=1501516800 ) LIMIT 1   [ RunTime:0.0005s ]
SQL: SELECT `price` FROM `lr_order` WHERE ( del=0 AND back!=2 AND addtime>=1501516800 )  [ RunTime:0.0003s ]
NOTIC: [8] Undefined variable: thismonthpay F:\phpStudy\WWW\minigongszzw\App\Ht\Controller\IndexController.class.php 第 74 行.
NOTIC: [2] Invalid argument supplied for foreach() F:\phpStudy\WWW\minigongszzw\App\Ht\Controller\IndexController.class.php 第 74 行.
INFO: [ view_parse ] --START--
INFO: [ template_filter ] --START--
INFO: Run Behavior\ContentReplaceBehavior [ RunTime:0.000064s ]
INFO: [ template_filter ] --END-- [ RunTime:0.000123s ]
INFO: Run Behavior\ParseTemplateBehavior [ RunTime:0.035756s ]
INFO: [ view_parse ] --END-- [ RunTime:0.035920s ]
INFO: [ view_filter ] --START--
INFO: Run Behavior\WriteHtmlCacheBehavior [ RunTime:0.000652s ]
INFO: [ view_filter ] --END-- [ RunTime:0.000699s ]
INFO: [ app_end ] --START--
INFO: Run Behavior\ShowPageTraceBehavior [ RunTime:0.001542s ]
INFO: [ app_end ] --END-- [ RunTime:0.001597s ]

[ 2017-08-25T14:37:41+08:00 ] ::1 /minigongszzw/index.php/Ht/Affiliate/index.html
NOTIC: [8] Use of undefined constant SHOW_PAGE_TRACE - assumed 'SHOW_PAGE_TRACE' F:\phpStudy\WWW\minigongszzw\App\Common\Conf\debug.php 第 4 行.
INFO: [ app_init ] --START--
INFO: Run Behavior\BuildLiteBehavior [ RunTime:0.000013s ]
INFO: [ app_init ] --END-- [ RunTime:0.000055s ]
INFO: [ app_begin ] --START--
INFO: Run Behavior\ReadHtmlCacheBehavior [ RunTime:0.001089s ]
INFO: [ app_begin ] --END-- [ RunTime:0.001158s ]
SQL: SHOW COLUMNS FROM `lr_affiliate` [ RunTime:0.0037s ]
SQL: SELECT COUNT(*) AS tp_count FROM `lr_affiliate` LIMIT 1   [ RunTime:0.0002s ]
NOTIC: [8] Undefined index: page F:\phpStudy\WWW\minigongszzw\App\Ht\Controller\AffiliateController.class.php 第 13 行.
SQL: SELECT * FROM `lr_affiliate`  [ RunTime:0.0003s ]
INFO: [ view_parse ] --START--
INFO: [ template_filter ] --START--
INFO: Run Behavior\ContentReplaceBehavior [ RunTime:0.000057s ]
INFO: [ template_filter ] --END-- [ RunTime:0.000105s ]
INFO: Run Behavior\ParseTemplateBehavior [ RunTime:0.020221s ]
INFO: [ view_parse ] --END-- [ RunTime:0.020283s ]
INFO: [ view_filter ] --START--
INFO: Run Behavior\WriteHtmlCacheBehavior [ RunTime:0.000571s ]
INFO: [ view_filter ] --END-- [ RunTime:0.000608s ]
INFO: [ app_end ] --START--
INFO: Run Behavior\ShowPageTraceBehavior [ RunTime:0.000793s ]
INFO: [ app_end ] --END-- [ RunTime:0.000832s ]

[ 2017-08-25T14:45:11+08:00 ] ::1 /minigongszzw/index.php/Ht/Affiliate/add.html
NOTIC: [8] Use of undefined constant SHOW_PAGE_TRACE - assumed 'SHOW_PAGE_TRACE' F:\phpStudy\WWW\minigongszzw\App\Common\Conf\debug.php 第 4 行.
INFO: [ app_init ] --START--
INFO: Run Behavior\BuildLiteBehavior [ RunTime:0.000013s ]
INFO: [ app_init ] --END-- [ RunTime:0.000056s ]
INFO: [ app_begin ] --START--
INFO: Run Behavior\ReadHtmlCacheBehavior [ RunTime:0.000904s ]
INFO: [ app_begin ] --END-- [ RunTime:0.000967s ]
NOTIC: [8] Undefined index: id F:\phpStudy\WWW\minigongszzw\App\Ht\Controller\AffiliateController.class.php 第 29 行.
NOTIC: [8] Undefined index: submit F:\phpStudy\WWW\minigongszzw\App\Ht\Controller\AffiliateController.class.php 第 31 行.
INFO: [ view_parse ] --START--
INFO: [ template_filter ] --START--
INFO: Run Behavior\ContentReplaceBehavior [ RunTime:0.000227s ]
INFO: [ template_filter ] --END-- [ RunTime:0.000281s ]
NOTIC: [8] Undefined index: id F:\phpStudy\WWW\minigongszzw\App\Runtime\Cache\Ht\1acd0aeeaf5bcad99a57187a3dddd678.php 第 34 行.
NOTIC: [8] Undefined index: name F:\phpStudy\WWW\minigongszzw\App\Runtime\Cache\Ht\1acd0aeeaf5bcad99a57187a3dddd678.php 第 38 行.
NOTIC: [8] Undefined index: type F:\phpStudy\WWW\minigongszzw\App\Runtime\Cache\Ht\1acd0aeeaf5bcad99a57187a3dddd678.php 第 44 行.
NOTIC: [8] Undefined index: type F:\phpStudy\WWW\minigongszzw\App\Runtime\Cache\Ht\1acd0aeeaf5bcad99a57187a3dddd678.php 第 45 行.
NOTIC: [8] Undefined index: photo_x F:\phpStudy\WWW\minigongszzw\App\Runtime\Cache\Ht\1acd0aeeaf5bcad99a57187a3dddd678.php 第 56 行.
NOTIC: [8] Undefined variable: img_str F:\phpStudy\WWW\minigongszzw\App\Runtime\Cache\Ht\1acd0aeeaf5bcad99a57187a3dddd678.php 第 73 行.
NOTIC: [8] Undefined index: price F:\phpStudy\WWW\minigongszzw\App\Runtime\Cache\Ht\1acd0aeeaf5bcad99a57187a3dddd678.php 第 94 行.
NOTIC: [8] Undefined index: server_type F:\phpStudy\WWW\minigongszzw\App\Runtime\Cache\Ht\1acd0aeeaf5bcad99a57187a3dddd678.php 第 101 行.
NOTIC: [8] Undefined index: server_intro F:\phpStudy\WWW\minigongszzw\App\Runtime\Cache\Ht\1acd0aeeaf5bcad99a57187a3dddd678.php 第 108 行.
NOTIC: [8] Undefined index: sale_protected F:\phpStudy\WWW\minigongszzw\App\Runtime\Cache\Ht\1acd0aeeaf5bcad99a57187a3dddd678.php 第 114 行.
NOTIC: [8] Undefined index: id F:\phpStudy\WWW\minigongszzw\App\Runtime\Cache\Ht\1acd0aeeaf5bcad99a57187a3dddd678.php 第 118 行.
INFO: Run Behavior\ParseTemplateBehavior [ RunTime:0.024386s ]
INFO: [ view_parse ] --END-- [ RunTime:0.024432s ]
INFO: [ view_filter ] --START--
INFO: Run Behavior\WriteHtmlCacheBehavior [ RunTime:0.000599s ]
INFO: [ view_filter ] --END-- [ RunTime:0.000636s ]
INFO: [ app_end ] --START--
INFO: Run Behavior\ShowPageTraceBehavior [ RunTime:0.001377s ]
INFO: [ app_end ] --END-- [ RunTime:0.001500s ]

[ 2017-08-25T14:46:07+08:00 ] ::1 /minigongszzw/index.php/Ht/Affiliate/add.html?id=
NOTIC: [8] Use of undefined constant SHOW_PAGE_TRACE - assumed 'SHOW_PAGE_TRACE' F:\phpStudy\WWW\minigongszzw\App\Common\Conf\debug.php 第 4 行.
INFO: [ app_init ] --START--
INFO: Run Behavior\BuildLiteBehavior [ RunTime:0.000015s ]
INFO: [ app_init ] --END-- [ RunTime:0.000064s ]
INFO: [ app_begin ] --START--
INFO: Run Behavior\ReadHtmlCacheBehavior [ RunTime:0.000950s ]
INFO: [ app_begin ] --END-- [ RunTime:0.001012s ]
NOTIC: [8] Use of undefined constant Ymd - assumed 'Ymd' F:\phpStudy\WWW\minigongszzw\App\Ht\Controller\AffiliateController.class.php 第 46 行.
NOTIC: [2] call_user_func() expects parameter 1 to be a valid callback, no array or string given F:\phpStudy\WWW\minigongszzw\ThinkPHP\Library\Think\Upload.class.php 第 170 行.
SQL: SHOW COLUMNS FROM `lr_affiliate` [ RunTime:0.0042s ]
SQL: SELECT `photo_x` FROM `lr_affiliate` WHERE ( id=0 ) LIMIT 1   [ RunTime:0.0006s ]
SQL: INSERT INTO `lr_affiliate` (`name`,`type`,`server_type`,`price`,`server_intro`,`sale_protected`,`photo_x`) VALUES ('猪院运动场','2','','0','','','UploadFiles/product/20170825/1503643567352931.jpg') [ RunTime:0.0007s ]
INFO: [ view_parse ] --START--
INFO: [ template_filter ] --START--
INFO: Run Behavior\ContentReplaceBehavior [ RunTime:0.000049s ]
INFO: [ template_filter ] --END-- [ RunTime:0.000101s ]
INFO: Run Behavior\ParseTemplateBehavior [ RunTime:0.007621s ]
INFO: [ view_parse ] --END-- [ RunTime:0.007692s ]
INFO: [ view_filter ] --START--
INFO: Run Behavior\WriteHtmlCacheBehavior [ RunTime:0.000613s ]
INFO: [ view_filter ] --END-- [ RunTime:0.000650s ]

[ 2017-08-25T14:46:08+08:00 ] ::1 /minigongszzw/index.php/Ht/Affiliate/index
NOTIC: [8] Use of undefined constant SHOW_PAGE_TRACE - assumed 'SHOW_PAGE_TRACE' F:\phpStudy\WWW\minigongszzw\App\Common\Conf\debug.php 第 4 行.
INFO: [ app_init ] --START--
INFO: Run Behavior\BuildLiteBehavior [ RunTime:0.000079s ]
INFO: [ app_init ] --END-- [ RunTime:0.000219s ]
INFO: [ app_begin ] --START--
INFO: Run Behavior\ReadHtmlCacheBehavior [ RunTime:0.000904s ]
INFO: [ app_begin ] --END-- [ RunTime:0.000975s ]
SQL: SHOW COLUMNS FROM `lr_affiliate` [ RunTime:0.0092s ]
SQL: SELECT COUNT(*) AS tp_count FROM `lr_affiliate` LIMIT 1   [ RunTime:0.0004s ]
NOTIC: [8] Undefined index: page F:\phpStudy\WWW\minigongszzw\App\Ht\Controller\AffiliateController.class.php 第 13 行.
SQL: SELECT * FROM `lr_affiliate`  [ RunTime:0.0004s ]
INFO: [ view_parse ] --START--
INFO: [ template_filter ] --START--
INFO: Run Behavior\ContentReplaceBehavior [ RunTime:0.000097s ]
INFO: [ template_filter ] --END-- [ RunTime:0.000205s ]
INFO: Run Behavior\ParseTemplateBehavior [ RunTime:0.016299s ]
INFO: [ view_parse ] --END-- [ RunTime:0.016364s ]
INFO: [ view_filter ] --START--
INFO: Run Behavior\WriteHtmlCacheBehavior [ RunTime:0.000646s ]
INFO: [ view_filter ] --END-- [ RunTime:0.000708s ]
INFO: [ app_end ] --START--
INFO: Run Behavior\ShowPageTraceBehavior [ RunTime:0.006406s ]
INFO: [ app_end ] --END-- [ RunTime:0.006492s ]

[ 2017-08-25T14:46:17+08:00 ] ::1 /minigongszzw/index.php/Ht/Affiliate/add.html?id=4
NOTIC: [8] Use of undefined constant SHOW_PAGE_TRACE - assumed 'SHOW_PAGE_TRACE' F:\phpStudy\WWW\minigongszzw\App\Common\Conf\debug.php 第 4 行.
INFO: [ app_init ] --START--
INFO: Run Behavior\BuildLiteBehavior [ RunTime:0.000013s ]
INFO: [ app_init ] --END-- [ RunTime:0.000073s ]
INFO: [ app_begin ] --START--
INFO: Run Behavior\ReadHtmlCacheBehavior [ RunTime:0.000837s ]
INFO: [ app_begin ] --END-- [ RunTime:0.000890s ]
NOTIC: [8] Undefined index: submit F:\phpStudy\WWW\minigongszzw\App\Ht\Controller\AffiliateController.class.php 第 31 行.
SQL: SHOW COLUMNS FROM `lr_affiliate` [ RunTime:0.0036s ]
SQL: SELECT * FROM `lr_affiliate` WHERE ( id=4 ) LIMIT 1   [ RunTime:0.0004s ]
INFO: [ view_parse ] --START--
INFO: [ template_filter ] --START--
INFO: Run Behavior\ContentReplaceBehavior [ RunTime:0.000213s ]
INFO: [ template_filter ] --END-- [ RunTime:0.000264s ]
NOTIC: [8] Undefined variable: img_str F:\phpStudy\WWW\minigongszzw\App\Runtime\Cache\Ht\1acd0aeeaf5bcad99a57187a3dddd678.php 第 73 行.
INFO: Run Behavior\ParseTemplateBehavior [ RunTime:0.011571s ]
INFO: [ view_parse ] --END-- [ RunTime:0.011618s ]
INFO: [ view_filter ] --START--
INFO: Run Behavior\WriteHtmlCacheBehavior [ RunTime:0.000586s ]
INFO: [ view_filter ] --END-- [ RunTime:0.000632s ]
INFO: [ app_end ] --START--
INFO: Run Behavior\ShowPageTraceBehavior [ RunTime:0.001352s ]
INFO: [ app_end ] --END-- [ RunTime:0.001419s ]

[ 2017-08-25T14:46:22+08:00 ] ::1 /minigongszzw/index.php/Ht/Affiliate/add.html?id=4
NOTIC: [8] Use of undefined constant SHOW_PAGE_TRACE - assumed 'SHOW_PAGE_TRACE' F:\phpStudy\WWW\minigongszzw\App\Common\Conf\debug.php 第 4 行.
INFO: [ app_init ] --START--
INFO: Run Behavior\BuildLiteBehavior [ RunTime:0.000014s ]
INFO: [ app_init ] --END-- [ RunTime:0.000057s ]
INFO: [ app_begin ] --START--
INFO: Run Behavior\ReadHtmlCacheBehavior [ RunTime:0.000936s ]
INFO: [ app_begin ] --END-- [ RunTime:0.001055s ]
SQL: SHOW COLUMNS FROM `lr_affiliate` [ RunTime:0.0043s ]
SQL: SELECT `photo_string` FROM `lr_affiliate` WHERE ( id=4 ) LIMIT 1   [ RunTime:0.0003s ]
SQL: UPDATE `lr_affiliate` SET `name`='猪院运动场',`type`='2',`server_type`='哈哈哈哈',`price`='0',`server_intro`='',`sale_protected`='' WHERE ( id=4 ) [ RunTime:0.0004s ]
INFO: [ view_parse ] --START--
INFO: [ template_filter ] --START--
INFO: Run Behavior\ContentReplaceBehavior [ RunTime:0.000052s ]
INFO: [ template_filter ] --END-- [ RunTime:0.000103s ]
INFO: Run Behavior\ParseTemplateBehavior [ RunTime:0.007214s ]
INFO: [ view_parse ] --END-- [ RunTime:0.007279s ]
INFO: [ view_filter ] --START--
INFO: Run Behavior\WriteHtmlCacheBehavior [ RunTime:0.000765s ]
INFO: [ view_filter ] --END-- [ RunTime:0.000817s ]

[ 2017-08-25T14:46:23+08:00 ] ::1 /minigongszzw/index.php/Ht/Affiliate/index
NOTIC: [8] Use of undefined constant SHOW_PAGE_TRACE - assumed 'SHOW_PAGE_TRACE' F:\phpStudy\WWW\minigongszzw\App\Common\Conf\debug.php 第 4 行.
INFO: [ app_init ] --START--
INFO: Run Behavior\BuildLiteBehavior [ RunTime:0.000017s ]
INFO: [ app_init ] --END-- [ RunTime:0.000077s ]
INFO: [ app_begin ] --START--
INFO: Run Behavior\ReadHtmlCacheBehavior [ RunTime:0.003168s ]
INFO: [ app_begin ] --END-- [ RunTime:0.003309s ]
SQL: SHOW COLUMNS FROM `lr_affiliate` [ RunTime:0.0044s ]
SQL: SELECT COUNT(*) AS tp_count FROM `lr_affiliate` LIMIT 1   [ RunTime:0.0021s ]
NOTIC: [8] Undefined index: page F:\phpStudy\WWW\minigongszzw\App\Ht\Controller\AffiliateController.class.php 第 13 行.
SQL: SELECT * FROM `lr_affiliate`  [ RunTime:0.0014s ]
INFO: [ view_parse ] --START--
INFO: [ template_filter ] --START--
INFO: Run Behavior\ContentReplaceBehavior [ RunTime:0.000068s ]
INFO: [ template_filter ] --END-- [ RunTime:0.000128s ]
INFO: Run Behavior\ParseTemplateBehavior [ RunTime:0.010809s ]
INFO: [ view_parse ] --END-- [ RunTime:0.010923s ]
INFO: [ view_filter ] --START--
INFO: Run Behavior\WriteHtmlCacheBehavior [ RunTime:0.001427s ]
INFO: [ view_filter ] --END-- [ RunTime:0.001525s ]
INFO: [ app_end ] --START--
INFO: Run Behavior\ShowPageTraceBehavior [ RunTime:0.001800s ]
INFO: [ app_end ] --END-- [ RunTime:0.001920s ]

[ 2017-08-25T14:46:39+08:00 ] ::1 /minigongszzw/index.php/Ht/Affiliate/add.html?id=4
NOTIC: [8] Use of undefined constant SHOW_PAGE_TRACE - assumed 'SHOW_PAGE_TRACE' F:\phpStudy\WWW\minigongszzw\App\Common\Conf\debug.php 第 4 行.
INFO: [ app_init ] --START--
INFO: Run Behavior\BuildLiteBehavior [ RunTime:0.000016s ]
INFO: [ app_init ] --END-- [ RunTime:0.000063s ]
INFO: [ app_begin ] --START--
INFO: Run Behavior\ReadHtmlCacheBehavior [ RunTime:0.001356s ]
INFO: [ app_begin ] --END-- [ RunTime:0.001439s ]
NOTIC: [8] Undefined index: submit F:\phpStudy\WWW\minigongszzw\App\Ht\Controller\AffiliateController.class.php 第 31 行.
SQL: SHOW COLUMNS FROM `lr_affiliate` [ RunTime:0.0033s ]
SQL: SELECT * FROM `lr_affiliate` WHERE ( id=4 ) LIMIT 1   [ RunTime:0.0004s ]
INFO: [ view_parse ] --START--
INFO: [ template_filter ] --START--
INFO: Run Behavior\ContentReplaceBehavior [ RunTime:0.000217s ]
INFO: [ template_filter ] --END-- [ RunTime:0.000272s ]
NOTIC: [8] Undefined variable: img_str F:\phpStudy\WWW\minigongszzw\App\Runtime\Cache\Ht\1acd0aeeaf5bcad99a57187a3dddd678.php 第 73 行.
INFO: Run Behavior\ParseTemplateBehavior [ RunTime:0.011921s ]
INFO: [ view_parse ] --END-- [ RunTime:0.011970s ]
INFO: [ view_filter ] --START--
INFO: Run Behavior\WriteHtmlCacheBehavior [ RunTime:0.000592s ]
INFO: [ view_filter ] --END-- [ RunTime:0.000629s ]
INFO: [ app_end ] --START--
INFO: Run Behavior\ShowPageTraceBehavior [ RunTime:0.001286s ]
INFO: [ app_end ] --END-- [ RunTime:0.001354s ]

[ 2017-08-25T14:47:23+08:00 ] ::1 /minigongszzw/index.php/Ht/Affiliate/add.html?id=4
NOTIC: [8] Use of undefined constant SHOW_PAGE_TRACE - assumed 'SHOW_PAGE_TRACE' F:\phpStudy\WWW\minigongszzw\App\Common\Conf\debug.php 第 4 行.
INFO: [ app_init ] --START--
INFO: Run Behavior\BuildLiteBehavior [ RunTime:0.000014s ]
INFO: [ app_init ] --END-- [ RunTime:0.000061s ]
INFO: [ app_begin ] --START--
INFO: Run Behavior\ReadHtmlCacheBehavior [ RunTime:0.000885s ]
INFO: [ app_begin ] --END-- [ RunTime:0.000945s ]
SQL: SHOW COLUMNS FROM `lr_affiliate` [ RunTime:0.0038s ]
SQL: SELECT `photo_string` FROM `lr_affiliate` WHERE ( id=4 ) LIMIT 1   [ RunTime:0.0004s ]
SQL: UPDATE `lr_affiliate` SET `name`='猪院运动场西北部',`type`='2',`server_type`='哈哈哈哈',`price`='0',`server_intro`='',`sale_protected`='' WHERE ( id=4 ) [ RunTime:0.0004s ]
INFO: [ view_parse ] --START--
INFO: [ template_filter ] --START--
INFO: Run Behavior\ContentReplaceBehavior [ RunTime:0.000049s ]
INFO: [ template_filter ] --END-- [ RunTime:0.000097s ]
INFO: Run Behavior\ParseTemplateBehavior [ RunTime:0.007217s ]
INFO: [ view_parse ] --END-- [ RunTime:0.007282s ]
INFO: [ view_filter ] --START--
INFO: Run Behavior\WriteHtmlCacheBehavior [ RunTime:0.000648s ]
INFO: [ view_filter ] --END-- [ RunTime:0.000691s ]

[ 2017-08-25T14:47:24+08:00 ] ::1 /minigongszzw/index.php/Ht/Affiliate/index
NOTIC: [8] Use of undefined constant SHOW_PAGE_TRACE - assumed 'SHOW_PAGE_TRACE' F:\phpStudy\WWW\minigongszzw\App\Common\Conf\debug.php 第 4 行.
INFO: [ app_init ] --START--
INFO: Run Behavior\BuildLiteBehavior [ RunTime:0.000021s ]
INFO: [ app_init ] --END-- [ RunTime:0.000095s ]
INFO: [ app_begin ] --START--
INFO: Run Behavior\ReadHtmlCacheBehavior [ RunTime:0.002285s ]
INFO: [ app_begin ] --END-- [ RunTime:0.002365s ]
SQL: SHOW COLUMNS FROM `lr_affiliate` [ RunTime:0.0043s ]
SQL: SELECT COUNT(*) AS tp_count FROM `lr_affiliate` LIMIT 1   [ RunTime:0.0005s ]
NOTIC: [8] Undefined index: page F:\phpStudy\WWW\minigongszzw\App\Ht\Controller\AffiliateController.class.php 第 13 行.
SQL: SELECT * FROM `lr_affiliate`  [ RunTime:0.0014s ]
INFO: [ view_parse ] --START--
INFO: [ template_filter ] --START--
INFO: Run Behavior\ContentReplaceBehavior [ RunTime:0.000064s ]
INFO: [ template_filter ] --END-- [ RunTime:0.000119s ]
INFO: Run Behavior\ParseTemplateBehavior [ RunTime:0.014597s ]
INFO: [ view_parse ] --END-- [ RunTime:0.014821s ]
INFO: [ view_filter ] --START--
INFO: Run Behavior\WriteHtmlCacheBehavior [ RunTime:0.001321s ]
INFO: [ view_filter ] --END-- [ RunTime:0.001463s ]
INFO: [ app_end ] --START--
INFO: Run Behavior\ShowPageTraceBehavior [ RunTime:0.004816s ]
INFO: [ app_end ] --END-- [ RunTime:0.005438s ]

[ 2017-08-25T14:47:25+08:00 ] ::1 /minigongszzw/index.php/Ht/Affiliate/add.html?id=1
NOTIC: [8] Use of undefined constant SHOW_PAGE_TRACE - assumed 'SHOW_PAGE_TRACE' F:\phpStudy\WWW\minigongszzw\App\Common\Conf\debug.php 第 4 行.
INFO: [ app_init ] --START--
INFO: Run Behavior\BuildLiteBehavior [ RunTime:0.000014s ]
INFO: [ app_init ] --END-- [ RunTime:0.000057s ]
INFO: [ app_begin ] --START--
INFO: Run Behavior\ReadHtmlCacheBehavior [ RunTime:0.001024s ]
INFO: [ app_begin ] --END-- [ RunTime:0.001097s ]
NOTIC: [8] Undefined index: submit F:\phpStudy\WWW\minigongszzw\App\Ht\Controller\AffiliateController.class.php 第 31 行.
SQL: SHOW COLUMNS FROM `lr_affiliate` [ RunTime:0.0037s ]
SQL: SELECT * FROM `lr_affiliate` WHERE ( id=1 ) LIMIT 1   [ RunTime:0.0004s ]
INFO: [ view_parse ] --START--
INFO: [ template_filter ] --START--
INFO: Run Behavior\ContentReplaceBehavior [ RunTime:0.000216s ]
INFO: [ template_filter ] --END-- [ RunTime:0.000271s ]
NOTIC: [8] Undefined variable: pro_allinfo F:\phpStudy\WWW\minigongszzw\App\Runtime\Cache\Ht\1acd0aeeaf5bcad99a57187a3dddd678.php 第 79 行.
NOTIC: [8] Undefined variable: pro_allinfo F:\phpStudy\WWW\minigongszzw\App\Runtime\Cache\Ht\1acd0aeeaf5bcad99a57187a3dddd678.php 第 79 行.
INFO: Run Behavior\ParseTemplateBehavior [ RunTime:0.011903s ]
INFO: [ view_parse ] --END-- [ RunTime:0.011959s ]
INFO: [ view_filter ] --START--
INFO: Run Behavior\WriteHtmlCacheBehavior [ RunTime:0.000643s ]
INFO: [ view_filter ] --END-- [ RunTime:0.000682s ]
INFO: [ app_end ] --START--
INFO: Run Behavior\ShowPageTraceBehavior [ RunTime:0.001308s ]
INFO: [ app_end ] --END-- [ RunTime:0.001377s ]

[ 2017-08-25T14:47:49+08:00 ] ::1 /minigongszzw/index.php/Ht/Affiliate/add.html?id=1
NOTIC: [8] Use of undefined constant SHOW_PAGE_TRACE - assumed 'SHOW_PAGE_TRACE' F:\phpStudy\WWW\minigongszzw\App\Common\Conf\debug.php 第 4 行.
INFO: [ app_init ] --START--
INFO: Run Behavior\BuildLiteBehavior [ RunTime:0.000024s ]
INFO: [ app_init ] --END-- [ RunTime:0.000105s ]
INFO: [ app_begin ] --START--
INFO: Run Behavior\ReadHtmlCacheBehavior [ RunTime:0.001446s ]
INFO: [ app_begin ] --END-- [ RunTime:0.001552s ]
NOTIC: [8] Use of undefined constant Ymd - assumed 'Ymd' F:\phpStudy\WWW\minigongszzw\App\Ht\Controller\AffiliateController.class.php 第 46 行.
NOTIC: [2] call_user_func() expects parameter 1 to be a valid callback, no array or string given F:\phpStudy\WWW\minigongszzw\ThinkPHP\Library\Think\Upload.class.php 第 170 行.
SQL: SHOW COLUMNS FROM `lr_affiliate` [ RunTime:0.0037s ]
SQL: SELECT `photo_x` FROM `lr_affiliate` WHERE ( id=1 ) LIMIT 1   [ RunTime:0.0003s ]
SQL: SELECT `photo_string` FROM `lr_affiliate` WHERE ( id=1 ) LIMIT 1   [ RunTime:0.0006s ]
NOTIC: [8] Undefined index: photo_string F:\phpStudy\WWW\minigongszzw\App\Ht\Controller\AffiliateController.class.php 第 121 行.
SQL: UPDATE `lr_affiliate` SET `name`='猪院运动场西南部',`type`='2',`server_type`='哈哈哈哈',`price`='0',`server_intro`='SaaS多',`sale_protected`=' 大时代啊',`photo_x`='UploadFiles/product/20170825/1503643669170161.jpg' WHERE ( id=1 ) [ RunTime:0.0004s ]
INFO: [ view_parse ] --START--
INFO: [ template_filter ] --START--
INFO: Run Behavior\ContentReplaceBehavior [ RunTime:0.000048s ]
INFO: [ template_filter ] --END-- [ RunTime:0.000099s ]
INFO: Run Behavior\ParseTemplateBehavior [ RunTime:0.006760s ]
INFO: [ view_parse ] --END-- [ RunTime:0.006815s ]
INFO: [ view_filter ] --START--
INFO: Run Behavior\WriteHtmlCacheBehavior [ RunTime:0.000478s ]
INFO: [ view_filter ] --END-- [ RunTime:0.000514s ]

[ 2017-08-25T14:47:50+08:00 ] ::1 /minigongszzw/index.php/Ht/Affiliate/index
NOTIC: [8] Use of undefined constant SHOW_PAGE_TRACE - assumed 'SHOW_PAGE_TRACE' F:\phpStudy\WWW\minigongszzw\App\Common\Conf\debug.php 第 4 行.
INFO: [ app_init ] --START--
INFO: Run Behavior\BuildLiteBehavior [ RunTime:0.000017s ]
INFO: [ app_init ] --END-- [ RunTime:0.000072s ]
INFO: [ app_begin ] --START--
INFO: Run Behavior\ReadHtmlCacheBehavior [ RunTime:0.000961s ]
INFO: [ app_begin ] --END-- [ RunTime:0.001056s ]
SQL: SHOW COLUMNS FROM `lr_affiliate` [ RunTime:0.0099s ]
SQL: SELECT COUNT(*) AS tp_count FROM `lr_affiliate` LIMIT 1   [ RunTime:0.0004s ]
NOTIC: [8] Undefined index: page F:\phpStudy\WWW\minigongszzw\App\Ht\Controller\AffiliateController.class.php 第 13 行.
SQL: SELECT * FROM `lr_affiliate`  [ RunTime:0.0006s ]
INFO: [ view_parse ] --START--
INFO: [ template_filter ] --START--
INFO: Run Behavior\ContentReplaceBehavior [ RunTime:0.000099s ]
INFO: [ template_filter ] --END-- [ RunTime:0.000314s ]
INFO: Run Behavior\ParseTemplateBehavior [ RunTime:0.018639s ]
INFO: [ view_parse ] --END-- [ RunTime:0.018701s ]
INFO: [ view_filter ] --START--
INFO: Run Behavior\WriteHtmlCacheBehavior [ RunTime:0.000443s ]
INFO: [ view_filter ] --END-- [ RunTime:0.000480s ]
INFO: [ app_end ] --START--
INFO: Run Behavior\ShowPageTraceBehavior [ RunTime:0.000736s ]
INFO: [ app_end ] --END-- [ RunTime:0.000778s ]

[ 2017-08-25T14:47:54+08:00 ] ::1 /minigongszzw/index.php/Ht/Affiliate/add.html
NOTIC: [8] Use of undefined constant SHOW_PAGE_TRACE - assumed 'SHOW_PAGE_TRACE' F:\phpStudy\WWW\minigongszzw\App\Common\Conf\debug.php 第 4 行.
INFO: [ app_init ] --START--
INFO: Run Behavior\BuildLiteBehavior [ RunTime:0.000012s ]
INFO: [ app_init ] --END-- [ RunTime:0.000055s ]
INFO: [ app_begin ] --START--
INFO: Run Behavior\ReadHtmlCacheBehavior [ RunTime:0.001031s ]
INFO: [ app_begin ] --END-- [ RunTime:0.001104s ]
NOTIC: [8] Undefined index: id F:\phpStudy\WWW\minigongszzw\App\Ht\Controller\AffiliateController.class.php 第 29 行.
NOTIC: [8] Undefined index: submit F:\phpStudy\WWW\minigongszzw\App\Ht\Controller\AffiliateController.class.php 第 31 行.
INFO: [ view_parse ] --START--
INFO: [ template_filter ] --START--
INFO: Run Behavior\ContentReplaceBehavior [ RunTime:0.000223s ]
INFO: [ template_filter ] --END-- [ RunTime:0.000274s ]
NOTIC: [8] Undefined index: id F:\phpStudy\WWW\minigongszzw\App\Runtime\Cache\Ht\1acd0aeeaf5bcad99a57187a3dddd678.php 第 34 行.
NOTIC: [8] Undefined index: name F:\phpStudy\WWW\minigongszzw\App\Runtime\Cache\Ht\1acd0aeeaf5bcad99a57187a3dddd678.php 第 38 行.
NOTIC: [8] Undefined index: type F:\phpStudy\WWW\minigongszzw\App\Runtime\Cache\Ht\1acd0aeeaf5bcad99a57187a3dddd678.php 第 44 行.
NOTIC: [8] Undefined index: type F:\phpStudy\WWW\minigongszzw\App\Runtime\Cache\Ht\1acd0aeeaf5bcad99a57187a3dddd678.php 第 45 行.
NOTIC: [8] Undefined index: photo_x F:\phpStudy\WWW\minigongszzw\App\Runtime\Cache\Ht\1acd0aeeaf5bcad99a57187a3dddd678.php 第 56 行.
NOTIC: [8] Undefined variable: img_str F:\phpStudy\WWW\minigongszzw\App\Runtime\Cache\Ht\1acd0aeeaf5bcad99a57187a3dddd678.php 第 73 行.
NOTIC: [8] Undefined index: price F:\phpStudy\WWW\minigongszzw\App\Runtime\Cache\Ht\1acd0aeeaf5bcad99a57187a3dddd678.php 第 94 行.
NOTIC: [8] Undefined index: server_type F:\phpStudy\WWW\minigongszzw\App\Runtime\Cache\Ht\1acd0aeeaf5bcad99a57187a3dddd678.php 第 101 行.
NOTIC: [8] Undefined index: server_intro F:\phpStudy\WWW\minigongszzw\App\Runtime\Cache\Ht\1acd0aeeaf5bcad99a57187a3dddd678.php 第 108 行.
NOTIC: [8] Undefined index: sale_protected F:\phpStudy\WWW\minigongszzw\App\Runtime\Cache\Ht\1acd0aeeaf5bcad99a57187a3dddd678.php 第 114 行.
NOTIC: [8] Undefined index: id F:\phpStudy\WWW\minigongszzw\App\Runtime\Cache\Ht\1acd0aeeaf5bcad99a57187a3dddd678.php 第 118 行.
INFO: Run Behavior\ParseTemplateBehavior [ RunTime:0.011691s ]
INFO: [ view_parse ] --END-- [ RunTime:0.011736s ]
INFO: [ view_filter ] --START--
INFO: Run Behavior\WriteHtmlCacheBehavior [ RunTime:0.000595s ]
INFO: [ view_filter ] --END-- [ RunTime:0.000632s ]
INFO: [ app_end ] --START--
INFO: Run Behavior\ShowPageTraceBehavior [ RunTime:0.001997s ]
INFO: [ app_end ] --END-- [ RunTime:0.002294s ]

[ 2017-08-25T14:49:02+08:00 ] ::1 /minigongszzw/index.php/Ht/Affiliate/add.html?id=
NOTIC: [8] Use of undefined constant SHOW_PAGE_TRACE - assumed 'SHOW_PAGE_TRACE' F:\phpStudy\WWW\minigongszzw\App\Common\Conf\debug.php 第 4 行.
INFO: [ app_init ] --START--
INFO: Run Behavior\BuildLiteBehavior [ RunTime:0.000020s ]
INFO: [ app_init ] --END-- [ RunTime:0.000065s ]
INFO: [ app_begin ] --START--
INFO: Run Behavior\ReadHtmlCacheBehavior [ RunTime:0.000885s ]
INFO: [ app_begin ] --END-- [ RunTime:0.000944s ]
NOTIC: [8] Use of undefined constant Ymd - assumed 'Ymd' F:\phpStudy\WWW\minigongszzw\App\Ht\Controller\AffiliateController.class.php 第 46 行.
NOTIC: [2] call_user_func() expects parameter 1 to be a valid callback, no array or string given F:\phpStudy\WWW\minigongszzw\ThinkPHP\Library\Think\Upload.class.php 第 170 行.
SQL: SHOW COLUMNS FROM `lr_affiliate` [ RunTime:0.0034s ]
SQL: SELECT `photo_x` FROM `lr_affiliate` WHERE ( id=0 ) LIMIT 1   [ RunTime:0.0004s ]
SQL: INSERT INTO `lr_affiliate` (`name`,`type`,`server_type`,`price`,`server_intro`,`sale_protected`,`photo_x`) VALUES ('猪院主席台','2','嘻嘻嘻嘻','0','','','UploadFiles/product/20170825/1503643742995586.jpg') [ RunTime:0.0004s ]
INFO: [ view_parse ] --START--
INFO: [ template_filter ] --START--
INFO: Run Behavior\ContentReplaceBehavior [ RunTime:0.000049s ]
INFO: [ template_filter ] --END-- [ RunTime:0.000099s ]
INFO: Run Behavior\ParseTemplateBehavior [ RunTime:0.006840s ]
INFO: [ view_parse ] --END-- [ RunTime:0.006899s ]
INFO: [ view_filter ] --START--
INFO: Run Behavior\WriteHtmlCacheBehavior [ RunTime:0.000542s ]
INFO: [ view_filter ] --END-- [ RunTime:0.000579s ]

[ 2017-08-25T14:49:04+08:00 ] ::1 /minigongszzw/index.php/Ht/Affiliate/index
NOTIC: [8] Use of undefined constant SHOW_PAGE_TRACE - assumed 'SHOW_PAGE_TRACE' F:\phpStudy\WWW\minigongszzw\App\Common\Conf\debug.php 第 4 行.
INFO: [ app_init ] --START--
INFO: Run Behavior\BuildLiteBehavior [ RunTime:0.000013s ]
INFO: [ app_init ] --END-- [ RunTime:0.000053s ]
INFO: [ app_begin ] --START--
INFO: Run Behavior\ReadHtmlCacheBehavior [ RunTime:0.001594s ]
INFO: [ app_begin ] --END-- [ RunTime:0.001674s ]
SQL: SHOW COLUMNS FROM `lr_affiliate` [ RunTime:0.0070s ]
SQL: SELECT COUNT(*) AS tp_count FROM `lr_affiliate` LIMIT 1   [ RunTime:0.0012s ]
NOTIC: [8] Undefined index: page F:\phpStudy\WWW\minigongszzw\App\Ht\Controller\AffiliateController.class.php 第 13 行.
SQL: SELECT * FROM `lr_affiliate`  [ RunTime:0.0004s ]
INFO: [ view_parse ] --START--
INFO: [ template_filter ] --START--
INFO: Run Behavior\ContentReplaceBehavior [ RunTime:0.000116s ]
INFO: [ template_filter ] --END-- [ RunTime:0.000296s ]
INFO: Run Behavior\ParseTemplateBehavior [ RunTime:0.016760s ]
INFO: [ view_parse ] --END-- [ RunTime:0.016820s ]
INFO: [ view_filter ] --START--
INFO: Run Behavior\WriteHtmlCacheBehavior [ RunTime:0.000683s ]
INFO: [ view_filter ] --END-- [ RunTime:0.000724s ]
INFO: [ app_end ] --START--
INFO: Run Behavior\ShowPageTraceBehavior [ RunTime:0.000929s ]
INFO: [ app_end ] --END-- [ RunTime:0.000970s ]

[ 2017-08-25T14:49:05+08:00 ] ::1 /minigongszzw/index.php/Ht/Affiliate/add.html
NOTIC: [8] Use of undefined constant SHOW_PAGE_TRACE - assumed 'SHOW_PAGE_TRACE' F:\phpStudy\WWW\minigongszzw\App\Common\Conf\debug.php 第 4 行.
INFO: [ app_init ] --START--
INFO: Run Behavior\BuildLiteBehavior [ RunTime:0.000013s ]
INFO: [ app_init ] --END-- [ RunTime:0.000059s ]
INFO: [ app_begin ] --START--
INFO: Run Behavior\ReadHtmlCacheBehavior [ RunTime:0.001011s ]
INFO: [ app_begin ] --END-- [ RunTime:0.001084s ]
NOTIC: [8] Undefined index: id F:\phpStudy\WWW\minigongszzw\App\Ht\Controller\AffiliateController.class.php 第 29 行.
NOTIC: [8] Undefined index: submit F:\phpStudy\WWW\minigongszzw\App\Ht\Controller\AffiliateController.class.php 第 31 行.
INFO: [ view_parse ] --START--
INFO: [ template_filter ] --START--
INFO: Run Behavior\ContentReplaceBehavior [ RunTime:0.000231s ]
INFO: [ template_filter ] --END-- [ RunTime:0.000283s ]
NOTIC: [8] Undefined index: id F:\phpStudy\WWW\minigongszzw\App\Runtime\Cache\Ht\1acd0aeeaf5bcad99a57187a3dddd678.php 第 34 行.
NOTIC: [8] Undefined index: name F:\phpStudy\WWW\minigongszzw\App\Runtime\Cache\Ht\1acd0aeeaf5bcad99a57187a3dddd678.php 第 38 行.
NOTIC: [8] Undefined index: type F:\phpStudy\WWW\minigongszzw\App\Runtime\Cache\Ht\1acd0aeeaf5bcad99a57187a3dddd678.php 第 44 行.
NOTIC: [8] Undefined index: type F:\phpStudy\WWW\minigongszzw\App\Runtime\Cache\Ht\1acd0aeeaf5bcad99a57187a3dddd678.php 第 45 行.
NOTIC: [8] Undefined index: photo_x F:\phpStudy\WWW\minigongszzw\App\Runtime\Cache\Ht\1acd0aeeaf5bcad99a57187a3dddd678.php 第 56 行.
NOTIC: [8] Undefined variable: img_str F:\phpStudy\WWW\minigongszzw\App\Runtime\Cache\Ht\1acd0aeeaf5bcad99a57187a3dddd678.php 第 73 行.
NOTIC: [8] Undefined index: price F:\phpStudy\WWW\minigongszzw\App\Runtime\Cache\Ht\1acd0aeeaf5bcad99a57187a3dddd678.php 第 94 行.
NOTIC: [8] Undefined index: server_type F:\phpStudy\WWW\minigongszzw\App\Runtime\Cache\Ht\1acd0aeeaf5bcad99a57187a3dddd678.php 第 101 行.
NOTIC: [8] Undefined index: server_intro F:\phpStudy\WWW\minigongszzw\App\Runtime\Cache\Ht\1acd0aeeaf5bcad99a57187a3dddd678.php 第 108 行.
NOTIC: [8] Undefined index: sale_protected F:\phpStudy\WWW\minigongszzw\App\Runtime\Cache\Ht\1acd0aeeaf5bcad99a57187a3dddd678.php 第 114 行.
NOTIC: [8] Undefined index: id F:\phpStudy\WWW\minigongszzw\App\Runtime\Cache\Ht\1acd0aeeaf5bcad99a57187a3dddd678.php 第 118 行.
INFO: Run Behavior\ParseTemplateBehavior [ RunTime:0.012321s ]
INFO: [ view_parse ] --END-- [ RunTime:0.012369s ]
INFO: [ view_filter ] --START--
INFO: Run Behavior\WriteHtmlCacheBehavior [ RunTime:0.000645s ]
INFO: [ view_filter ] --END-- [ RunTime:0.000684s ]
INFO: [ app_end ] --START--
INFO: Run Behavior\ShowPageTraceBehavior [ RunTime:0.001442s ]
INFO: [ app_end ] --END-- [ RunTime:0.001551s ]

[ 2017-08-25T14:49:39+08:00 ] ::1 /minigongszzw/index.php/Ht/Affiliate/add.html?id=
NOTIC: [8] Use of undefined constant SHOW_PAGE_TRACE - assumed 'SHOW_PAGE_TRACE' F:\phpStudy\WWW\minigongszzw\App\Common\Conf\debug.php 第 4 行.
INFO: [ app_init ] --START--
INFO: Run Behavior\BuildLiteBehavior [ RunTime:0.000014s ]
INFO: [ app_init ] --END-- [ RunTime:0.000056s ]
INFO: [ app_begin ] --START--
INFO: Run Behavior\ReadHtmlCacheBehavior [ RunTime:0.000845s ]
INFO: [ app_begin ] --END-- [ RunTime:0.000904s ]
NOTIC: [8] Use of undefined constant Ymd - assumed 'Ymd' F:\phpStudy\WWW\minigongszzw\App\Ht\Controller\AffiliateController.class.php 第 46 行.
NOTIC: [2] call_user_func() expects parameter 1 to be a valid callback, no array or string given F:\phpStudy\WWW\minigongszzw\ThinkPHP\Library\Think\Upload.class.php 第 170 行.
SQL: SHOW COLUMNS FROM `lr_affiliate` [ RunTime:0.0041s ]
SQL: SELECT `photo_x` FROM `lr_affiliate` WHERE ( id=0 ) LIMIT 1   [ RunTime:0.0006s ]
SQL: INSERT INTO `lr_affiliate` (`name`,`type`,`server_type`,`price`,`server_intro`,`sale_protected`,`photo_x`) VALUES ('猪院运动场东南部','2','嘻嘻哈哈','0','','','UploadFiles/product/20170825/1503643779387221.jpg') [ RunTime:0.0004s ]
INFO: [ view_parse ] --START--
INFO: [ template_filter ] --START--
INFO: Run Behavior\ContentReplaceBehavior [ RunTime:0.000046s ]
INFO: [ template_filter ] --END-- [ RunTime:0.000094s ]
INFO: Run Behavior\ParseTemplateBehavior [ RunTime:0.006854s ]
INFO: [ view_parse ] --END-- [ RunTime:0.006914s ]
INFO: [ view_filter ] --START--
INFO: Run Behavior\WriteHtmlCacheBehavior [ RunTime:0.000586s ]
INFO: [ view_filter ] --END-- [ RunTime:0.000623s ]

[ 2017-08-25T14:49:40+08:00 ] ::1 /minigongszzw/index.php/Ht/Affiliate/index
NOTIC: [8] Use of undefined constant SHOW_PAGE_TRACE - assumed 'SHOW_PAGE_TRACE' F:\phpStudy\WWW\minigongszzw\App\Common\Conf\debug.php 第 4 行.
INFO: [ app_init ] --START--
INFO: Run Behavior\BuildLiteBehavior [ RunTime:0.000078s ]
INFO: [ app_init ] --END-- [ RunTime:0.000389s ]
INFO: [ app_begin ] --START--
INFO: Run Behavior\ReadHtmlCacheBehavior [ RunTime:0.001551s ]
INFO: [ app_begin ] --END-- [ RunTime:0.001717s ]
SQL: SHOW COLUMNS FROM `lr_affiliate` [ RunTime:0.0067s ]
SQL: SELECT COUNT(*) AS tp_count FROM `lr_affiliate` LIMIT 1   [ RunTime:0.0004s ]
NOTIC: [8] Undefined index: page F:\phpStudy\WWW\minigongszzw\App\Ht\Controller\AffiliateController.class.php 第 13 行.
SQL: SELECT * FROM `lr_affiliate`  [ RunTime:0.0006s ]
INFO: [ view_parse ] --START--
INFO: [ template_filter ] --START--
INFO: Run Behavior\ContentReplaceBehavior [ RunTime:0.000328s ]
INFO: [ template_filter ] --END-- [ RunTime:0.000771s ]
INFO: Run Behavior\ParseTemplateBehavior [ RunTime:0.016264s ]
INFO: [ view_parse ] --END-- [ RunTime:0.016356s ]
INFO: [ view_filter ] --START--
INFO: Run Behavior\WriteHtmlCacheBehavior [ RunTime:0.000799s ]
INFO: [ view_filter ] --END-- [ RunTime:0.000913s ]
INFO: [ app_end ] --START--
INFO: Run Behavior\ShowPageTraceBehavior [ RunTime:0.001227s ]
INFO: [ app_end ] --END-- [ RunTime:0.001289s ]

[ 2017-08-25T14:49:42+08:00 ] ::1 /minigongszzw/index.php/Ht/Affiliate/add.html
NOTIC: [8] Use of undefined constant SHOW_PAGE_TRACE - assumed 'SHOW_PAGE_TRACE' F:\phpStudy\WWW\minigongszzw\App\Common\Conf\debug.php 第 4 行.
INFO: [ app_init ] --START--
INFO: Run Behavior\BuildLiteBehavior [ RunTime:0.000013s ]
INFO: [ app_init ] --END-- [ RunTime:0.000056s ]
INFO: [ app_begin ] --START--
INFO: Run Behavior\ReadHtmlCacheBehavior [ RunTime:0.000915s ]
INFO: [ app_begin ] --END-- [ RunTime:0.000975s ]
NOTIC: [8] Undefined index: id F:\phpStudy\WWW\minigongszzw\App\Ht\Controller\AffiliateController.class.php 第 29 行.
NOTIC: [8] Undefined index: submit F:\phpStudy\WWW\minigongszzw\App\Ht\Controller\AffiliateController.class.php 第 31 行.
INFO: [ view_parse ] --START--
INFO: [ template_filter ] --START--
INFO: Run Behavior\ContentReplaceBehavior [ RunTime:0.000234s ]
INFO: [ template_filter ] --END-- [ RunTime:0.000288s ]
NOTIC: [8] Undefined index: id F:\phpStudy\WWW\minigongszzw\App\Runtime\Cache\Ht\1acd0aeeaf5bcad99a57187a3dddd678.php 第 34 行.
NOTIC: [8] Undefined index: name F:\phpStudy\WWW\minigongszzw\App\Runtime\Cache\Ht\1acd0aeeaf5bcad99a57187a3dddd678.php 第 38 行.
NOTIC: [8] Undefined index: type F:\phpStudy\WWW\minigongszzw\App\Runtime\Cache\Ht\1acd0aeeaf5bcad99a57187a3dddd678.php 第 44 行.
NOTIC: [8] Undefined index: type F:\phpStudy\WWW\minigongszzw\App\Runtime\Cache\Ht\1acd0aeeaf5bcad99a57187a3dddd678.php 第 45 行.
NOTIC: [8] Undefined index: photo_x F:\phpStudy\WWW\minigongszzw\App\Runtime\Cache\Ht\1acd0aeeaf5bcad99a57187a3dddd678.php 第 56 行.
NOTIC: [8] Undefined variable: img_str F:\phpStudy\WWW\minigongszzw\App\Runtime\Cache\Ht\1acd0aeeaf5bcad99a57187a3dddd678.php 第 73 行.
NOTIC: [8] Undefined index: price F:\phpStudy\WWW\minigongszzw\App\Runtime\Cache\Ht\1acd0aeeaf5bcad99a57187a3dddd678.php 第 94 行.
NOTIC: [8] Undefined index: server_type F:\phpStudy\WWW\minigongszzw\App\Runtime\Cache\Ht\1acd0aeeaf5bcad99a57187a3dddd678.php 第 101 行.
NOTIC: [8] Undefined index: server_intro F:\phpStudy\WWW\minigongszzw\App\Runtime\Cache\Ht\1acd0aeeaf5bcad99a57187a3dddd678.php 第 108 行.
NOTIC: [8] Undefined index: sale_protected F:\phpStudy\WWW\minigongszzw\App\Runtime\Cache\Ht\1acd0aeeaf5bcad99a57187a3dddd678.php 第 114 行.
NOTIC: [8] Undefined index: id F:\phpStudy\WWW\minigongszzw\App\Runtime\Cache\Ht\1acd0aeeaf5bcad99a57187a3dddd678.php 第 118 行.
INFO: Run Behavior\ParseTemplateBehavior [ RunTime:0.012671s ]
INFO: [ view_parse ] --END-- [ RunTime:0.012719s ]
INFO: [ view_filter ] --START--
INFO: Run Behavior\WriteHtmlCacheBehavior [ RunTime:0.000660s ]
INFO: [ view_filter ] --END-- [ RunTime:0.000703s ]
INFO: [ app_end ] --START--
INFO: Run Behavior\ShowPageTraceBehavior [ RunTime:0.002178s ]
INFO: [ app_end ] --END-- [ RunTime:0.002553s ]

[ 2017-08-25T14:50:36+08:00 ] ::1 /minigongszzw/index.php/Ht/Affiliate/add.html?id=
NOTIC: [8] Use of undefined constant SHOW_PAGE_TRACE - assumed 'SHOW_PAGE_TRACE' F:\phpStudy\WWW\minigongszzw\App\Common\Conf\debug.php 第 4 行.
INFO: [ app_init ] --START--
INFO: Run Behavior\BuildLiteBehavior [ RunTime:0.000013s ]
INFO: [ app_init ] --END-- [ RunTime:0.000056s ]
INFO: [ app_begin ] --START--
INFO: Run Behavior\ReadHtmlCacheBehavior [ RunTime:0.000812s ]
INFO: [ app_begin ] --END-- [ RunTime:0.000869s ]
NOTIC: [8] Use of undefined constant Ymd - assumed 'Ymd' F:\phpStudy\WWW\minigongszzw\App\Ht\Controller\AffiliateController.class.php 第 46 行.
NOTIC: [2] call_user_func() expects parameter 1 to be a valid callback, no array or string given F:\phpStudy\WWW\minigongszzw\ThinkPHP\Library\Think\Upload.class.php 第 170 行.
SQL: SHOW COLUMNS FROM `lr_affiliate` [ RunTime:0.0034s ]
SQL: SELECT `photo_x` FROM `lr_affiliate` WHERE ( id=0 ) LIMIT 1   [ RunTime:0.0004s ]
SQL: INSERT INTO `lr_affiliate` (`name`,`type`,`server_type`,`price`,`server_intro`,`sale_protected`,`photo_x`) VALUES ('猪院足球场','2','哈哈哈嘻嘻嘻','0','','','UploadFiles/product/20170825/1503643836398831.jpg') [ RunTime:0.0005s ]
INFO: [ view_parse ] --START--
INFO: [ template_filter ] --START--
INFO: Run Behavior\ContentReplaceBehavior [ RunTime:0.000055s ]
INFO: [ template_filter ] --END-- [ RunTime:0.000125s ]
INFO: Run Behavior\ParseTemplateBehavior [ RunTime:0.008041s ]
INFO: [ view_parse ] --END-- [ RunTime:0.008101s ]
INFO: [ view_filter ] --START--
INFO: Run Behavior\WriteHtmlCacheBehavior [ RunTime:0.000552s ]
INFO: [ view_filter ] --END-- [ RunTime:0.000588s ]

[ 2017-08-25T14:50:38+08:00 ] ::1 /minigongszzw/index.php/Ht/Affiliate/index
NOTIC: [8] Use of undefined constant SHOW_PAGE_TRACE - assumed 'SHOW_PAGE_TRACE' F:\phpStudy\WWW\minigongszzw\App\Common\Conf\debug.php 第 4 行.
INFO: [ app_init ] --START--
INFO: Run Behavior\BuildLiteBehavior [ RunTime:0.000029s ]
INFO: [ app_init ] --END-- [ RunTime:0.000232s ]
INFO: [ app_begin ] --START--
INFO: Run Behavior\ReadHtmlCacheBehavior [ RunTime:0.000915s ]
INFO: [ app_begin ] --END-- [ RunTime:0.000978s ]
SQL: SHOW COLUMNS FROM `lr_affiliate` [ RunTime:0.0047s ]
SQL: SELECT COUNT(*) AS tp_count FROM `lr_affiliate` LIMIT 1   [ RunTime:0.0005s ]
NOTIC: [8] Undefined index: page F:\phpStudy\WWW\minigongszzw\App\Ht\Controller\AffiliateController.class.php 第 13 行.
SQL: SELECT * FROM `lr_affiliate`  [ RunTime:0.0007s ]
INFO: [ view_parse ] --START--
INFO: [ template_filter ] --START--
INFO: Run Behavior\ContentReplaceBehavior [ RunTime:0.000062s ]
INFO: [ template_filter ] --END-- [ RunTime:0.000115s ]
INFO: Run Behavior\ParseTemplateBehavior [ RunTime:0.015855s ]
INFO: [ view_parse ] --END-- [ RunTime:0.015972s ]
INFO: [ view_filter ] --START--
INFO: Run Behavior\WriteHtmlCacheBehavior [ RunTime:0.000785s ]
INFO: [ view_filter ] --END-- [ RunTime:0.000846s ]
INFO: [ app_end ] --START--
INFO: Run Behavior\ShowPageTraceBehavior [ RunTime:0.001486s ]
INFO: [ app_end ] --END-- [ RunTime:0.001574s ]

[ 2017-08-25T14:50:44+08:00 ] ::1 /minigongszzw/index.php/Ht/Affiliate/add.html
NOTIC: [8] Use of undefined constant SHOW_PAGE_TRACE - assumed 'SHOW_PAGE_TRACE' F:\phpStudy\WWW\minigongszzw\App\Common\Conf\debug.php 第 4 行.
INFO: [ app_init ] --START--
INFO: Run Behavior\BuildLiteBehavior [ RunTime:0.000014s ]
INFO: [ app_init ] --END-- [ RunTime:0.000059s ]
INFO: [ app_begin ] --START--
INFO: Run Behavior\ReadHtmlCacheBehavior [ RunTime:0.001134s ]
INFO: [ app_begin ] --END-- [ RunTime:0.001218s ]
NOTIC: [8] Undefined index: id F:\phpStudy\WWW\minigongszzw\App\Ht\Controller\AffiliateController.class.php 第 29 行.
NOTIC: [8] Undefined index: submit F:\phpStudy\WWW\minigongszzw\App\Ht\Controller\AffiliateController.class.php 第 31 行.
INFO: [ view_parse ] --START--
INFO: [ template_filter ] --START--
INFO: Run Behavior\ContentReplaceBehavior [ RunTime:0.000356s ]
INFO: [ template_filter ] --END-- [ RunTime:0.000410s ]
NOTIC: [8] Undefined index: id F:\phpStudy\WWW\minigongszzw\App\Runtime\Cache\Ht\1acd0aeeaf5bcad99a57187a3dddd678.php 第 34 行.
NOTIC: [8] Undefined index: name F:\phpStudy\WWW\minigongszzw\App\Runtime\Cache\Ht\1acd0aeeaf5bcad99a57187a3dddd678.php 第 38 行.
NOTIC: [8] Undefined index: type F:\phpStudy\WWW\minigongszzw\App\Runtime\Cache\Ht\1acd0aeeaf5bcad99a57187a3dddd678.php 第 44 行.
NOTIC: [8] Undefined index: type F:\phpStudy\WWW\minigongszzw\App\Runtime\Cache\Ht\1acd0aeeaf5bcad99a57187a3dddd678.php 第 45 行.
NOTIC: [8] Undefined index: photo_x F:\phpStudy\WWW\minigongszzw\App\Runtime\Cache\Ht\1acd0aeeaf5bcad99a57187a3dddd678.php 第 56 行.
NOTIC: [8] Undefined variable: img_str F:\phpStudy\WWW\minigongszzw\App\Runtime\Cache\Ht\1acd0aeeaf5bcad99a57187a3dddd678.php 第 73 行.
NOTIC: [8] Undefined index: price F:\phpStudy\WWW\minigongszzw\App\Runtime\Cache\Ht\1acd0aeeaf5bcad99a57187a3dddd678.php 第 94 行.
NOTIC: [8] Undefined index: server_type F:\phpStudy\WWW\minigongszzw\App\Runtime\Cache\Ht\1acd0aeeaf5bcad99a57187a3dddd678.php 第 101 行.
NOTIC: [8] Undefined index: server_intro F:\phpStudy\WWW\minigongszzw\App\Runtime\Cache\Ht\1acd0aeeaf5bcad99a57187a3dddd678.php 第 108 行.
NOTIC: [8] Undefined index: sale_protected F:\phpStudy\WWW\minigongszzw\App\Runtime\Cache\Ht\1acd0aeeaf5bcad99a57187a3dddd678.php 第 114 行.
NOTIC: [8] Undefined index: id F:\phpStudy\WWW\minigongszzw\App\Runtime\Cache\Ht\1acd0aeeaf5bcad99a57187a3dddd678.php 第 118 行.
INFO: Run Behavior\ParseTemplateBehavior [ RunTime:0.014432s ]
INFO: [ view_parse ] --END-- [ RunTime:0.014494s ]
INFO: [ view_filter ] --START--
INFO: Run Behavior\WriteHtmlCacheBehavior [ RunTime:0.000671s ]
INFO: [ view_filter ] --END-- [ RunTime:0.000710s ]
INFO: [ app_end ] --START--
INFO: Run Behavior\ShowPageTraceBehavior [ RunTime:0.002185s ]
INFO: [ app_end ] --END-- [ RunTime:0.002282s ]

[ 2017-08-25T14:51:43+08:00 ] ::1 /minigongszzw/index.php/Ht/Affiliate/add.html?id=
NOTIC: [8] Use of undefined constant SHOW_PAGE_TRACE - assumed 'SHOW_PAGE_TRACE' F:\phpStudy\WWW\minigongszzw\App\Common\Conf\debug.php 第 4 行.
INFO: [ app_init ] --START--
INFO: Run Behavior\BuildLiteBehavior [ RunTime:0.000014s ]
INFO: [ app_init ] --END-- [ RunTime:0.000058s ]
INFO: [ app_begin ] --START--
INFO: Run Behavior\ReadHtmlCacheBehavior [ RunTime:0.000973s ]
INFO: [ app_begin ] --END-- [ RunTime:0.001049s ]
NOTIC: [8] Use of undefined constant Ymd - assumed 'Ymd' F:\phpStudy\WWW\minigongszzw\App\Ht\Controller\AffiliateController.class.php 第 46 行.
NOTIC: [2] call_user_func() expects parameter 1 to be a valid callback, no array or string given F:\phpStudy\WWW\minigongszzw\ThinkPHP\Library\Think\Upload.class.php 第 170 行.
SQL: SHOW COLUMNS FROM `lr_affiliate` [ RunTime:0.0036s ]
SQL: SELECT `photo_x` FROM `lr_affiliate` WHERE ( id=0 ) LIMIT 1   [ RunTime:0.0003s ]
SQL: INSERT INTO `lr_affiliate` (`name`,`type`,`server_type`,`price`,`server_intro`,`sale_protected`,`photo_x`) VALUES ('猪院大猪栏','2','呵呵呵呵呵','0','','','UploadFiles/product/20170825/1503643903837817.jpg') [ RunTime:0.0003s ]
INFO: [ view_parse ] --START--
INFO: [ template_filter ] --START--
INFO: Run Behavior\ContentReplaceBehavior [ RunTime:0.000045s ]
INFO: [ template_filter ] --END-- [ RunTime:0.000094s ]
INFO: Run Behavior\ParseTemplateBehavior [ RunTime:0.007075s ]
INFO: [ view_parse ] --END-- [ RunTime:0.007134s ]
INFO: [ view_filter ] --START--
INFO: Run Behavior\WriteHtmlCacheBehavior [ RunTime:0.000558s ]
INFO: [ view_filter ] --END-- [ RunTime:0.000595s ]

[ 2017-08-25T14:51:44+08:00 ] ::1 /minigongszzw/index.php/Ht/Affiliate/index
NOTIC: [8] Use of undefined constant SHOW_PAGE_TRACE - assumed 'SHOW_PAGE_TRACE' F:\phpStudy\WWW\minigongszzw\App\Common\Conf\debug.php 第 4 行.
INFO: [ app_init ] --START--
INFO: Run Behavior\BuildLiteBehavior [ RunTime:0.000017s ]
INFO: [ app_init ] --END-- [ RunTime:0.000061s ]
INFO: [ app_begin ] --START--
INFO: Run Behavior\ReadHtmlCacheBehavior [ RunTime:0.003265s ]
INFO: [ app_begin ] --END-- [ RunTime:0.003351s ]
SQL: SHOW COLUMNS FROM `lr_affiliate` [ RunTime:0.0226s ]
SQL: SELECT COUNT(*) AS tp_count FROM `lr_affiliate` LIMIT 1   [ RunTime:0.0004s ]
NOTIC: [8] Undefined index: page F:\phpStudy\WWW\minigongszzw\App\Ht\Controller\AffiliateController.class.php 第 13 行.
SQL: SELECT * FROM `lr_affiliate`  [ RunTime:0.0004s ]
INFO: [ view_parse ] --START--
INFO: [ template_filter ] --START--
INFO: Run Behavior\ContentReplaceBehavior [ RunTime:0.000063s ]
INFO: [ template_filter ] --END-- [ RunTime:0.000117s ]
INFO: Run Behavior\ParseTemplateBehavior [ RunTime:0.015842s ]
INFO: [ view_parse ] --END-- [ RunTime:0.015912s ]
INFO: [ view_filter ] --START--
INFO: Run Behavior\WriteHtmlCacheBehavior [ RunTime:0.000591s ]
INFO: [ view_filter ] --END-- [ RunTime:0.000629s ]
INFO: [ app_end ] --START--
INFO: Run Behavior\ShowPageTraceBehavior [ RunTime:0.011435s ]
INFO: [ app_end ] --END-- [ RunTime:0.011490s ]

[ 2017-08-25T15:20:59+08:00 ] ::1 /minigongszzw/index.php/Ht/Agency/index.html
NOTIC: [8] Use of undefined constant SHOW_PAGE_TRACE - assumed 'SHOW_PAGE_TRACE' F:\phpStudy\WWW\minigongszzw\App\Common\Conf\debug.php 第 4 行.
INFO: [ app_init ] --START--
INFO: Run Behavior\BuildLiteBehavior [ RunTime:0.000013s ]
INFO: [ app_init ] --END-- [ RunTime:0.000055s ]
INFO: [ app_begin ] --START--
INFO: Run Behavior\ReadHtmlCacheBehavior [ RunTime:0.000702s ]
INFO: [ app_begin ] --END-- [ RunTime:0.000755s ]
SQL: SHOW COLUMNS FROM `lr_agency` [ RunTime:0.0052s ]
SQL: SELECT COUNT(*) AS tp_count FROM `lr_agency` LIMIT 1   [ RunTime:0.0003s ]
NOTIC: [8] Undefined index: page F:\phpStudy\WWW\minigongszzw\App\Ht\Controller\AgencyController.class.php 第 13 行.
SQL: SELECT * FROM `lr_agency` LIMIT 0,20   [ RunTime:0.0003s ]
INFO: [ view_parse ] --START--
INFO: [ template_filter ] --START--
INFO: Run Behavior\ContentReplaceBehavior [ RunTime:0.000064s ]
INFO: [ template_filter ] --END-- [ RunTime:0.000115s ]
INFO: Run Behavior\ParseTemplateBehavior [ RunTime:0.017694s ]
INFO: [ view_parse ] --END-- [ RunTime:0.017762s ]
INFO: [ view_filter ] --START--
INFO: Run Behavior\WriteHtmlCacheBehavior [ RunTime:0.000477s ]
INFO: [ view_filter ] --END-- [ RunTime:0.000515s ]
INFO: [ app_end ] --START--
INFO: Run Behavior\ShowPageTraceBehavior [ RunTime:0.000667s ]
INFO: [ app_end ] --END-- [ RunTime:0.000706s ]

[ 2017-08-25T15:21:03+08:00 ] ::1 /minigongszzw/index.php/Ht/Affiliate/index.html
NOTIC: [8] Use of undefined constant SHOW_PAGE_TRACE - assumed 'SHOW_PAGE_TRACE' F:\phpStudy\WWW\minigongszzw\App\Common\Conf\debug.php 第 4 行.
INFO: [ app_init ] --START--
INFO: Run Behavior\BuildLiteBehavior [ RunTime:0.000012s ]
INFO: [ app_init ] --END-- [ RunTime:0.000053s ]
INFO: [ app_begin ] --START--
INFO: Run Behavior\ReadHtmlCacheBehavior [ RunTime:0.000633s ]
INFO: [ app_begin ] --END-- [ RunTime:0.000689s ]
SQL: SHOW COLUMNS FROM `lr_affiliate` [ RunTime:0.0057s ]
SQL: SELECT COUNT(*) AS tp_count FROM `lr_affiliate` LIMIT 1   [ RunTime:0.0064s ]
NOTIC: [8] Undefined index: page F:\phpStudy\WWW\minigongszzw\App\Ht\Controller\AffiliateController.class.php 第 13 行.
SQL: SELECT * FROM `lr_affiliate`  [ RunTime:0.0006s ]
INFO: [ view_parse ] --START--
INFO: [ template_filter ] --START--
INFO: Run Behavior\ContentReplaceBehavior [ RunTime:0.000061s ]
INFO: [ template_filter ] --END-- [ RunTime:0.000116s ]
INFO: Run Behavior\ParseTemplateBehavior [ RunTime:0.009186s ]
INFO: [ view_parse ] --END-- [ RunTime:0.009259s ]
INFO: [ view_filter ] --START--
INFO: Run Behavior\WriteHtmlCacheBehavior [ RunTime:0.000368s ]
INFO: [ view_filter ] --END-- [ RunTime:0.000409s ]
INFO: [ app_end ] --START--
INFO: Run Behavior\ShowPageTraceBehavior [ RunTime:0.000610s ]
INFO: [ app_end ] --END-- [ RunTime:0.000654s ]

[ 2017-08-25T15:24:34+08:00 ] ::1 /minigongszzw/index.php/Ht/Affiliate/index.html
NOTIC: [8] Use of undefined constant SHOW_PAGE_TRACE - assumed 'SHOW_PAGE_TRACE' F:\phpStudy\WWW\minigongszzw\App\Common\Conf\debug.php 第 4 行.
INFO: [ app_init ] --START--
INFO: Run Behavior\BuildLiteBehavior [ RunTime:0.000014s ]
INFO: [ app_init ] --END-- [ RunTime:0.000058s ]
INFO: [ app_begin ] --START--
INFO: Run Behavior\ReadHtmlCacheBehavior [ RunTime:0.001694s ]
INFO: [ app_begin ] --END-- [ RunTime:0.001785s ]
SQL: SHOW COLUMNS FROM `lr_affiliate` [ RunTime:0.0042s ]
SQL: SELECT COUNT(*) AS tp_count FROM `lr_affiliate` LIMIT 1   [ RunTime:0.0005s ]
NOTIC: [8] Undefined index: page F:\phpStudy\WWW\minigongszzw\App\Ht\Controller\AffiliateController.class.php 第 13 行.
SQL: SELECT * FROM `lr_affiliate`  [ RunTime:0.0006s ]
INFO: [ view_parse ] --START--
INFO: [ template_filter ] --START--
INFO: Run Behavior\ContentReplaceBehavior [ RunTime:0.000060s ]
INFO: [ template_filter ] --END-- [ RunTime:0.000113s ]
INFO: Run Behavior\ParseTemplateBehavior [ RunTime:0.008278s ]
INFO: [ view_parse ] --END-- [ RunTime:0.008348s ]
INFO: [ view_filter ] --START--
INFO: Run Behavior\WriteHtmlCacheBehavior [ RunTime:0.000490s ]
INFO: [ view_filter ] --END-- [ RunTime:0.000529s ]
INFO: [ app_end ] --START--
INFO: Run Behavior\ShowPageTraceBehavior [ RunTime:0.000696s ]
INFO: [ app_end ] --END-- [ RunTime:0.000736s ]

[ 2017-08-25T16:18:21+08:00 ] ::1 /minigongszzw/index.php/Ht/Affiliate/add.html?id=1
NOTIC: [8] Use of undefined constant SHOW_PAGE_TRACE - assumed 'SHOW_PAGE_TRACE' F:\phpStudy\WWW\minigongszzw\App\Common\Conf\debug.php 第 4 行.
INFO: [ app_init ] --START--
INFO: Run Behavior\BuildLiteBehavior [ RunTime:0.000014s ]
INFO: [ app_init ] --END-- [ RunTime:0.000058s ]
INFO: [ app_begin ] --START--
INFO: Run Behavior\ReadHtmlCacheBehavior [ RunTime:0.000699s ]
INFO: [ app_begin ] --END-- [ RunTime:0.000748s ]
NOTIC: [8] Undefined index: submit F:\phpStudy\WWW\minigongszzw\App\Ht\Controller\AffiliateController.class.php 第 31 行.
SQL: SHOW COLUMNS FROM `lr_affiliate` [ RunTime:0.0047s ]
SQL: SELECT * FROM `lr_affiliate` WHERE ( id=1 ) LIMIT 1   [ RunTime:0.0005s ]
INFO: [ view_parse ] --START--
INFO: [ template_filter ] --START--
INFO: Run Behavior\ContentReplaceBehavior [ RunTime:0.000263s ]
INFO: [ template_filter ] --END-- [ RunTime:0.000327s ]
NOTIC: [8] Undefined variable: pro_allinfo F:\phpStudy\WWW\minigongszzw\App\Runtime\Cache\Ht\1acd0aeeaf5bcad99a57187a3dddd678.php 第 79 行.
NOTIC: [8] Undefined variable: pro_allinfo F:\phpStudy\WWW\minigongszzw\App\Runtime\Cache\Ht\1acd0aeeaf5bcad99a57187a3dddd678.php 第 79 行.
INFO: Run Behavior\ParseTemplateBehavior [ RunTime:0.011831s ]
INFO: [ view_parse ] --END-- [ RunTime:0.011893s ]
INFO: [ view_filter ] --START--
INFO: Run Behavior\WriteHtmlCacheBehavior [ RunTime:0.000562s ]
INFO: [ view_filter ] --END-- [ RunTime:0.000600s ]
INFO: [ app_end ] --START--
INFO: Run Behavior\ShowPageTraceBehavior [ RunTime:0.001116s ]
INFO: [ app_end ] --END-- [ RunTime:0.001194s ]

[ 2017-08-25T16:34:59+08:00 ] ::1 /minigongszzw/index.php/Ht/Adminuser/adminuser.html
NOTIC: [8] Use of undefined constant SHOW_PAGE_TRACE - assumed 'SHOW_PAGE_TRACE' F:\phpStudy\WWW\minigongszzw\App\Common\Conf\debug.php 第 4 行.
INFO: [ app_init ] --START--
INFO: Run Behavior\BuildLiteBehavior [ RunTime:0.000014s ]
INFO: [ app_init ] --END-- [ RunTime:0.000056s ]
INFO: [ app_begin ] --START--
INFO: Run Behavior\ReadHtmlCacheBehavior [ RunTime:0.000767s ]
INFO: [ app_begin ] --END-- [ RunTime:0.000824s ]
NOTIC: [8] Undefined index: id F:\phpStudy\WWW\minigongszzw\App\Ht\Controller\AdminuserController.class.php 第 9 行.
NOTIC: [8] Undefined index: name F:\phpStudy\WWW\minigongszzw\App\Ht\Controller\AdminuserController.class.php 第 10 行.
NOTIC: [8] Undefined index: name F:\phpStudy\WWW\minigongszzw\App\Ht\Controller\AdminuserController.class.php 第 12 行.
SQL: SHOW COLUMNS FROM `lr_adminuser` [ RunTime:0.0041s ]
SQL: SELECT COUNT(*) AS tp_count FROM `lr_adminuser` WHERE ( 1=1 AND del<1 ) LIMIT 1   [ RunTime:0.0007s ]
NOTIC: [8] Undefined index: page F:\phpStudy\WWW\minigongszzw\App\Ht\Controller\AdminuserController.class.php 第 23 行.
SQL: SELECT * FROM `lr_adminuser` WHERE ( 1=1 AND del<1 ) ORDER BY id desc LIMIT 0,20   [ RunTime:0.0008s ]
INFO: [ view_parse ] --START--
INFO: [ template_filter ] --START--
INFO: Run Behavior\ContentReplaceBehavior [ RunTime:0.000063s ]
INFO: [ template_filter ] --END-- [ RunTime:0.000112s ]
NOTIC: [8] Undefined variable: tel F:\phpStudy\WWW\minigongszzw\App\Runtime\Cache\Ht\9f4ba4ee37d22d33aa5e69b70284bb3c.php 第 12 行.
INFO: Run Behavior\ParseTemplateBehavior [ RunTime:0.012961s ]
INFO: [ view_parse ] --END-- [ RunTime:0.013023s ]
INFO: [ view_filter ] --START--
INFO: Run Behavior\WriteHtmlCacheBehavior [ RunTime:0.000504s ]
INFO: [ view_filter ] --END-- [ RunTime:0.000543s ]
INFO: [ app_end ] --START--
INFO: Run Behavior\ShowPageTraceBehavior [ RunTime:0.000741s ]
INFO: [ app_end ] --END-- [ RunTime:0.000788s ]

[ 2017-08-25T16:35:02+08:00 ] ::1 /minigongszzw/index.php/Ht/Adminuser/add.html
NOTIC: [8] Use of undefined constant SHOW_PAGE_TRACE - assumed 'SHOW_PAGE_TRACE' F:\phpStudy\WWW\minigongszzw\App\Common\Conf\debug.php 第 4 行.
INFO: [ app_init ] --START--
INFO: Run Behavior\BuildLiteBehavior [ RunTime:0.000014s ]
INFO: [ app_init ] --END-- [ RunTime:0.000058s ]
INFO: [ app_begin ] --START--
INFO: Run Behavior\ReadHtmlCacheBehavior [ RunTime:0.000820s ]
INFO: [ app_begin ] --END-- [ RunTime:0.000913s ]
NOTIC: [8] Undefined index: id F:\phpStudy\WWW\minigongszzw\App\Ht\Controller\AdminuserController.class.php 第 49 行.
NOTIC: [8] Undefined index: submit F:\phpStudy\WWW\minigongszzw\App\Ht\Controller\AdminuserController.class.php 第 50 行.
INFO: [ view_parse ] --START--
INFO: [ template_filter ] --START--
INFO: Run Behavior\ContentReplaceBehavior [ RunTime:0.000053s ]
INFO: [ template_filter ] --END-- [ RunTime:0.000103s ]
NOTIC: [2] Illegal string offset 'name' F:\phpStudy\WWW\minigongszzw\App\Runtime\Cache\Ht\4749ad479a3d445e8caa20475cc9fb02.php 第 26 行.
NOTIC: [8] Uninitialized string offset: 0 F:\phpStudy\WWW\minigongszzw\App\Runtime\Cache\Ht\4749ad479a3d445e8caa20475cc9fb02.php 第 26 行.
NOTIC: [2] Illegal string offset 'id' F:\phpStudy\WWW\minigongszzw\App\Runtime\Cache\Ht\4749ad479a3d445e8caa20475cc9fb02.php 第 36 行.
NOTIC: [8] Uninitialized string offset: 0 F:\phpStudy\WWW\minigongszzw\App\Runtime\Cache\Ht\4749ad479a3d445e8caa20475cc9fb02.php 第 36 行.
INFO: Run Behavior\ParseTemplateBehavior [ RunTime:0.008293s ]
INFO: [ view_parse ] --END-- [ RunTime:0.008341s ]
INFO: [ view_filter ] --START--
INFO: Run Behavior\WriteHtmlCacheBehavior [ RunTime:0.000834s ]
INFO: [ view_filter ] --END-- [ RunTime:0.000886s ]
INFO: [ app_end ] --START--
INFO: Run Behavior\ShowPageTraceBehavior [ RunTime:0.001353s ]
INFO: [ app_end ] --END-- [ RunTime:0.001531s ]

[ 2017-08-25T16:35:09+08:00 ] ::1 /minigongszzw/index.php/Ht/Suggest/index.html
NOTIC: [8] Use of undefined constant SHOW_PAGE_TRACE - assumed 'SHOW_PAGE_TRACE' F:\phpStudy\WWW\minigongszzw\App\Common\Conf\debug.php 第 4 行.
INFO: [ app_init ] --START--
INFO: Run Behavior\BuildLiteBehavior [ RunTime:0.000012s ]
INFO: [ app_init ] --END-- [ RunTime:0.000053s ]
INFO: [ app_begin ] --START--
INFO: Run Behavior\ReadHtmlCacheBehavior [ RunTime:0.001416s ]
INFO: [ app_begin ] --END-- [ RunTime:0.001576s ]
SQL: SHOW COLUMNS FROM `lr_suggest` [ RunTime:0.0319s ]
SQL: SELECT * FROM `lr_suggest`  [ RunTime:0.0004s ]
SQL: SHOW COLUMNS FROM `lr_user` [ RunTime:0.0044s ]
SQL: SELECT `uname` FROM `lr_user` WHERE ( id="1" ) LIMIT 1   [ RunTime:0.0005s ]
SQL: SELECT `uname` FROM `lr_user` WHERE ( id="1" ) LIMIT 1   [ RunTime:0.0003s ]
INFO: [ view_parse ] --START--
INFO: [ template_filter ] --START--
INFO: Run Behavior\ContentReplaceBehavior [ RunTime:0.000057s ]
INFO: [ template_filter ] --END-- [ RunTime:0.000179s ]
INFO: Run Behavior\ParseTemplateBehavior [ RunTime:0.008674s ]
INFO: [ view_parse ] --END-- [ RunTime:0.008739s ]
INFO: [ view_filter ] --START--
INFO: Run Behavior\WriteHtmlCacheBehavior [ RunTime:0.000369s ]
INFO: [ view_filter ] --END-- [ RunTime:0.000462s ]
INFO: [ app_end ] --START--
INFO: Run Behavior\ShowPageTraceBehavior [ RunTime:0.000671s ]
INFO: [ app_end ] --END-- [ RunTime:0.000710s ]

[ 2017-08-25T17:09:18+08:00 ] ::1 /minigongszzw/index.php/Ht/Company/index.html
NOTIC: [8] Use of undefined constant SHOW_PAGE_TRACE - assumed 'SHOW_PAGE_TRACE' F:\phpStudy\WWW\minigongszzw\App\Common\Conf\debug.php 第 4 行.
INFO: [ app_init ] --START--
INFO: Run Behavior\BuildLiteBehavior [ RunTime:0.000021s ]
INFO: [ app_init ] --END-- [ RunTime:0.000096s ]
INFO: [ app_begin ] --START--
INFO: Run Behavior\ReadHtmlCacheBehavior [ RunTime:0.001267s ]
INFO: [ app_begin ] --END-- [ RunTime:0.001366s ]
SQL: SHOW COLUMNS FROM `lr_company_register` [ RunTime:0.0050s ]
SQL: SELECT COUNT(*) AS tp_count FROM `lr_company_register` LIMIT 1   [ RunTime:0.0011s ]
NOTIC: [8] Undefined index: page F:\phpStudy\WWW\minigongszzw\App\Ht\Controller\CompanyController.class.php 第 13 行.
SQL: SELECT * FROM `lr_company_register` LIMIT 0,20   [ RunTime:0.0009s ]
INFO: [ view_parse ] --START--
INFO: [ template_filter ] --START--
INFO: Run Behavior\ContentReplaceBehavior [ RunTime:0.000062s ]
INFO: [ template_filter ] --END-- [ RunTime:0.000118s ]
INFO: Run Behavior\ParseTemplateBehavior [ RunTime:0.023939s ]
INFO: [ view_parse ] --END-- [ RunTime:0.024018s ]
INFO: [ view_filter ] --START--
INFO: Run Behavior\WriteHtmlCacheBehavior [ RunTime:0.000838s ]
INFO: [ view_filter ] --END-- [ RunTime:0.000895s ]
INFO: [ app_end ] --START--
INFO: Run Behavior\ShowPageTraceBehavior [ RunTime:0.000821s ]
INFO: [ app_end ] --END-- [ RunTime:0.000869s ]

[ 2017-08-25T17:09:19+08:00 ] ::1 /minigongszzw/index.php/Ht/Company/add.html?id=1
NOTIC: [8] Use of undefined constant SHOW_PAGE_TRACE - assumed 'SHOW_PAGE_TRACE' F:\phpStudy\WWW\minigongszzw\App\Common\Conf\debug.php 第 4 行.
INFO: [ app_init ] --START--
INFO: Run Behavior\BuildLiteBehavior [ RunTime:0.000014s ]
INFO: [ app_init ] --END-- [ RunTime:0.000055s ]
INFO: [ app_begin ] --START--
INFO: Run Behavior\ReadHtmlCacheBehavior [ RunTime:0.000600s ]
INFO: [ app_begin ] --END-- [ RunTime:0.000652s ]
NOTIC: [8] Undefined index: submit F:\phpStudy\WWW\minigongszzw\App\Ht\Controller\CompanyController.class.php 第 31 行.
SQL: SHOW COLUMNS FROM `lr_company_register` [ RunTime:0.0038s ]
SQL: SELECT * FROM `lr_company_register` WHERE ( id=1 ) LIMIT 1   [ RunTime:0.0005s ]
SQL: SHOW COLUMNS FROM `lr_company_adv` [ RunTime:0.0765s ]
SQL: SELECT * FROM `lr_company_adv` WHERE ( comp_id=1 )  [ RunTime:0.0004s ]
INFO: [ view_parse ] --START--
INFO: [ template_filter ] --START--
INFO: Run Behavior\ContentReplaceBehavior [ RunTime:0.000319s ]
INFO: [ template_filter ] --END-- [ RunTime:0.000377s ]
NOTIC: [8] Undefined variable: pro_allinfo F:\phpStudy\WWW\minigongszzw\App\Runtime\Cache\Ht\ad22b65d77894d321a4648b593197fe3.php 第 88 行.
NOTIC: [8] Undefined variable: pro_allinfo F:\phpStudy\WWW\minigongszzw\App\Runtime\Cache\Ht\ad22b65d77894d321a4648b593197fe3.php 第 88 行.
NOTIC: [8] Undefined variable: pro_allinfo F:\phpStudy\WWW\minigongszzw\App\Runtime\Cache\Ht\ad22b65d77894d321a4648b593197fe3.php 第 88 行.
NOTIC: [8] Undefined variable: pro_allinfo F:\phpStudy\WWW\minigongszzw\App\Runtime\Cache\Ht\ad22b65d77894d321a4648b593197fe3.php 第 88 行.
INFO: Run Behavior\ParseTemplateBehavior [ RunTime:0.042991s ]
INFO: [ view_parse ] --END-- [ RunTime:0.043057s ]
INFO: [ view_filter ] --START--
INFO: Run Behavior\WriteHtmlCacheBehavior [ RunTime:0.000561s ]
INFO: [ view_filter ] --END-- [ RunTime:0.000605s ]
INFO: [ app_end ] --START--
INFO: Run Behavior\ShowPageTraceBehavior [ RunTime:0.001265s ]
INFO: [ app_end ] --END-- [ RunTime:0.001335s ]

[ 2017-08-25T17:09:29+08:00 ] ::1 /minigongszzw/index.php/Ht/Company/add.html?id=1
NOTIC: [8] Use of undefined constant SHOW_PAGE_TRACE - assumed 'SHOW_PAGE_TRACE' F:\phpStudy\WWW\minigongszzw\App\Common\Conf\debug.php 第 4 行.
INFO: [ app_init ] --START--
INFO: Run Behavior\BuildLiteBehavior [ RunTime:0.000013s ]
INFO: [ app_init ] --END-- [ RunTime:0.000055s ]
INFO: [ app_begin ] --START--
INFO: Run Behavior\ReadHtmlCacheBehavior [ RunTime:0.000815s ]
INFO: [ app_begin ] --END-- [ RunTime:0.000868s ]
SQL: SHOW COLUMNS FROM `lr_company_register` [ RunTime:0.0131s ]
SQL: SELECT `photo_string` FROM `lr_company_register` WHERE ( id=1 ) LIMIT 1   [ RunTime:0.0003s ]
NOTIC: [8] Undefined index: photo_string F:\phpStudy\WWW\minigongszzw\App\Ht\Controller\CompanyController.class.php 第 141 行.
SQL: UPDATE `lr_company_register` SET `name`='242',`zheng`='地方郭德纲的风格',`server_type`='受到法国红酒 嘻嘻嘻',`price`='0',`fan`='多个电饭锅地方',`problem`='电饭锅地方更多',`server_intro`='拉谷谷估计',`sale_protected`='通过热特儿童热' WHERE ( id=1 ) [ RunTime:0.0007s ]
SQL: SHOW COLUMNS FROM `lr_company_adv` [ RunTime:0.0033s ]
SQL: DELETE FROM `lr_company_adv` WHERE ( comp_id="1" ) [ RunTime:0.0432s ]
SQL: INSERT INTO `lr_company_adv` (`title`,`content`,`comp_id`) VALUES ('电饭锅','电饭锅地方','1') [ RunTime:0.0003s ]
INFO: [ view_parse ] --START--
INFO: [ template_filter ] --START--
INFO: Run Behavior\ContentReplaceBehavior [ RunTime:0.000046s ]
INFO: [ template_filter ] --END-- [ RunTime:0.000096s ]
INFO: Run Behavior\ParseTemplateBehavior [ RunTime:0.006848s ]
INFO: [ view_parse ] --END-- [ RunTime:0.006903s ]
INFO: [ view_filter ] --START--
INFO: Run Behavior\WriteHtmlCacheBehavior [ RunTime:0.000663s ]
INFO: [ view_filter ] --END-- [ RunTime:0.000708s ]

[ 2017-08-25T17:09:31+08:00 ] ::1 /minigongszzw/index.php/Ht/Company/index
NOTIC: [8] Use of undefined constant SHOW_PAGE_TRACE - assumed 'SHOW_PAGE_TRACE' F:\phpStudy\WWW\minigongszzw\App\Common\Conf\debug.php 第 4 行.
INFO: [ app_init ] --START--
INFO: Run Behavior\BuildLiteBehavior [ RunTime:0.000016s ]
INFO: [ app_init ] --END-- [ RunTime:0.000075s ]
INFO: [ app_begin ] --START--
INFO: Run Behavior\ReadHtmlCacheBehavior [ RunTime:0.000972s ]
INFO: [ app_begin ] --END-- [ RunTime:0.001044s ]
SQL: SHOW COLUMNS FROM `lr_company_register` [ RunTime:0.0062s ]
SQL: SELECT COUNT(*) AS tp_count FROM `lr_company_register` LIMIT 1   [ RunTime:0.0003s ]
NOTIC: [8] Undefined index: page F:\phpStudy\WWW\minigongszzw\App\Ht\Controller\CompanyController.class.php 第 13 行.
SQL: SELECT * FROM `lr_company_register` LIMIT 0,20   [ RunTime:0.0004s ]
INFO: [ view_parse ] --START--
INFO: [ template_filter ] --START--
INFO: Run Behavior\ContentReplaceBehavior [ RunTime:0.000061s ]
INFO: [ template_filter ] --END-- [ RunTime:0.000120s ]
INFO: Run Behavior\ParseTemplateBehavior [ RunTime:0.010156s ]
INFO: [ view_parse ] --END-- [ RunTime:0.010221s ]
INFO: [ view_filter ] --START--
INFO: Run Behavior\WriteHtmlCacheBehavior [ RunTime:0.000680s ]
INFO: [ view_filter ] --END-- [ RunTime:0.000735s ]
INFO: [ app_end ] --START--
INFO: Run Behavior\ShowPageTraceBehavior [ RunTime:0.001000s ]
INFO: [ app_end ] --END-- [ RunTime:0.001065s ]

