[ 2017-08-28T08:17:21+08:00 ] ::1 /minigongszzw/index.php/Api/Index/index
NOTIC: [8] Use of undefined constant SHOW_PAGE_TRACE - assumed 'SHOW_PAGE_TRACE' F:\phpStudy\WWW\minigongszzw\App\Common\Conf\debug.php 第 4 行.
INFO: [ app_init ] --START--
INFO: Run Behavior\BuildLiteBehavior [ RunTime:0.000015s ]
INFO: [ app_init ] --END-- [ RunTime:0.000669s ]
NOTIC: [8] Undefined variable: sckey F:\phpStudy\WWW\minigongszzw\App\Api\Conf\config.php 第 33 行.
NOTIC: [8] Undefined variable: sckey F:\phpStudy\WWW\minigongszzw\App\Api\Conf\config.php 第 33 行.
NOTIC: [8] Undefined variable: sckey F:\phpStudy\WWW\minigongszzw\App\Api\Conf\config.php 第 33 行.
NOTIC: [8] Use of undefined constant LOAD_EXT_CONFIG - assumed 'LOAD_EXT_CONFIG' F:\phpStudy\WWW\minigongszzw\App\Api\Conf\config.php 第 40 行.
NOTIC: [8] Undefined variable: notify_url F:\phpStudy\WWW\minigongszzw\App\Api\Conf\config.php 第 55 行.
NOTIC: [8] Undefined variable: return_url F:\phpStudy\WWW\minigongszzw\App\Api\Conf\config.php 第 58 行.
NOTIC: [8] Undefined index: key F:\phpStudy\WWW\minigongszzw\App\Api\Conf\config.php 第 62 行.
NOTIC: [8] Undefined index: key F:\phpStudy\WWW\minigongszzw\App\Api\Conf\config.php 第 66 行.

[ 2017-08-28T08:17:24+08:00 ] ::1 /minigongszzw/index.php/Api/Change/index
NOTIC: [8] Use of undefined constant SHOW_PAGE_TRACE - assumed 'SHOW_PAGE_TRACE' F:\phpStudy\WWW\minigongszzw\App\Common\Conf\debug.php 第 4 行.
INFO: [ app_init ] --START--
INFO: Run Behavior\BuildLiteBehavior [ RunTime:0.000014s ]
INFO: [ app_init ] --END-- [ RunTime:0.000059s ]
NOTIC: [8] Undefined variable: sckey F:\phpStudy\WWW\minigongszzw\App\Api\Conf\config.php 第 33 行.
NOTIC: [8] Undefined variable: sckey F:\phpStudy\WWW\minigongszzw\App\Api\Conf\config.php 第 33 行.
NOTIC: [8] Undefined variable: sckey F:\phpStudy\WWW\minigongszzw\App\Api\Conf\config.php 第 33 行.
NOTIC: [8] Use of undefined constant LOAD_EXT_CONFIG - assumed 'LOAD_EXT_CONFIG' F:\phpStudy\WWW\minigongszzw\App\Api\Conf\config.php 第 40 行.
NOTIC: [8] Undefined variable: notify_url F:\phpStudy\WWW\minigongszzw\App\Api\Conf\config.php 第 55 行.
NOTIC: [8] Undefined variable: return_url F:\phpStudy\WWW\minigongszzw\App\Api\Conf\config.php 第 58 行.
NOTIC: [8] Undefined index: key F:\phpStudy\WWW\minigongszzw\App\Api\Conf\config.php 第 62 行.
NOTIC: [8] Undefined index: key F:\phpStudy\WWW\minigongszzw\App\Api\Conf\config.php 第 66 行.

[ 2017-08-28T09:03:23+08:00 ] ::1 /minigongszzw/index.php/Api/Company/index
NOTIC: [8] Use of undefined constant SHOW_PAGE_TRACE - assumed 'SHOW_PAGE_TRACE' F:\phpStudy\WWW\minigongszzw\App\Common\Conf\debug.php 第 4 行.
INFO: [ app_init ] --START--
INFO: Run Behavior\BuildLiteBehavior [ RunTime:0.000020s ]
INFO: [ app_init ] --END-- [ RunTime:0.000085s ]
NOTIC: [8] Undefined variable: sckey F:\phpStudy\WWW\minigongszzw\App\Api\Conf\config.php 第 33 行.
NOTIC: [8] Undefined variable: sckey F:\phpStudy\WWW\minigongszzw\App\Api\Conf\config.php 第 33 行.
NOTIC: [8] Undefined variable: sckey F:\phpStudy\WWW\minigongszzw\App\Api\Conf\config.php 第 33 行.
NOTIC: [8] Use of undefined constant LOAD_EXT_CONFIG - assumed 'LOAD_EXT_CONFIG' F:\phpStudy\WWW\minigongszzw\App\Api\Conf\config.php 第 40 行.
NOTIC: [8] Undefined variable: notify_url F:\phpStudy\WWW\minigongszzw\App\Api\Conf\config.php 第 55 行.
NOTIC: [8] Undefined variable: return_url F:\phpStudy\WWW\minigongszzw\App\Api\Conf\config.php 第 58 行.
NOTIC: [8] Undefined index: key F:\phpStudy\WWW\minigongszzw\App\Api\Conf\config.php 第 62 行.
NOTIC: [8] Undefined index: key F:\phpStudy\WWW\minigongszzw\App\Api\Conf\config.php 第 66 行.

[ 2017-08-28T18:26:35+08:00 ] ::1 /minigongszzw/index.php/Api/Index/index
NOTIC: [8] Use of undefined constant SHOW_PAGE_TRACE - assumed 'SHOW_PAGE_TRACE' F:\phpStudy\WWW\minigongszzw\App\Common\Conf\debug.php 第 4 行.
INFO: [ app_init ] --START--
INFO: Run Behavior\BuildLiteBehavior [ RunTime:0.000016s ]
INFO: [ app_init ] --END-- [ RunTime:0.000081s ]
NOTIC: [8] Undefined variable: sckey F:\phpStudy\WWW\minigongszzw\App\Api\Conf\config.php 第 33 行.
NOTIC: [8] Undefined variable: sckey F:\phpStudy\WWW\minigongszzw\App\Api\Conf\config.php 第 33 行.
NOTIC: [8] Undefined variable: sckey F:\phpStudy\WWW\minigongszzw\App\Api\Conf\config.php 第 33 行.
NOTIC: [8] Use of undefined constant LOAD_EXT_CONFIG - assumed 'LOAD_EXT_CONFIG' F:\phpStudy\WWW\minigongszzw\App\Api\Conf\config.php 第 40 行.
NOTIC: [8] Undefined variable: notify_url F:\phpStudy\WWW\minigongszzw\App\Api\Conf\config.php 第 55 行.
NOTIC: [8] Undefined variable: return_url F:\phpStudy\WWW\minigongszzw\App\Api\Conf\config.php 第 58 行.
NOTIC: [8] Undefined index: key F:\phpStudy\WWW\minigongszzw\App\Api\Conf\config.php 第 62 行.
NOTIC: [8] Undefined index: key F:\phpStudy\WWW\minigongszzw\App\Api\Conf\config.php 第 66 行.

[ 2017-08-28T18:47:07+08:00 ] ::1 /minigongszzw/index.php/Api/Index/index
NOTIC: [8] Use of undefined constant SHOW_PAGE_TRACE - assumed 'SHOW_PAGE_TRACE' F:\phpStudy\WWW\minigongszzw\App\Common\Conf\debug.php 第 4 行.
INFO: [ app_init ] --START--
INFO: Run Behavior\BuildLiteBehavior [ RunTime:0.000015s ]
INFO: [ app_init ] --END-- [ RunTime:0.000066s ]
NOTIC: [8] Undefined variable: sckey F:\phpStudy\WWW\minigongszzw\App\Api\Conf\config.php 第 33 行.
NOTIC: [8] Undefined variable: sckey F:\phpStudy\WWW\minigongszzw\App\Api\Conf\config.php 第 33 行.
NOTIC: [8] Undefined variable: sckey F:\phpStudy\WWW\minigongszzw\App\Api\Conf\config.php 第 33 行.
NOTIC: [8] Use of undefined constant LOAD_EXT_CONFIG - assumed 'LOAD_EXT_CONFIG' F:\phpStudy\WWW\minigongszzw\App\Api\Conf\config.php 第 40 行.
NOTIC: [8] Undefined variable: notify_url F:\phpStudy\WWW\minigongszzw\App\Api\Conf\config.php 第 55 行.
NOTIC: [8] Undefined variable: return_url F:\phpStudy\WWW\minigongszzw\App\Api\Conf\config.php 第 58 行.
NOTIC: [8] Undefined index: key F:\phpStudy\WWW\minigongszzw\App\Api\Conf\config.php 第 62 行.
NOTIC: [8] Undefined index: key F:\phpStudy\WWW\minigongszzw\App\Api\Conf\config.php 第 66 行.

[ 2017-08-28T18:47:12+08:00 ] ::1 /minigongszzw/index.php/Api/Agency/index
NOTIC: [8] Use of undefined constant SHOW_PAGE_TRACE - assumed 'SHOW_PAGE_TRACE' F:\phpStudy\WWW\minigongszzw\App\Common\Conf\debug.php 第 4 行.
INFO: [ app_init ] --START--
INFO: Run Behavior\BuildLiteBehavior [ RunTime:0.000016s ]
INFO: [ app_init ] --END-- [ RunTime:0.000072s ]
NOTIC: [8] Undefined variable: sckey F:\phpStudy\WWW\minigongszzw\App\Api\Conf\config.php 第 33 行.
NOTIC: [8] Undefined variable: sckey F:\phpStudy\WWW\minigongszzw\App\Api\Conf\config.php 第 33 行.
NOTIC: [8] Undefined variable: sckey F:\phpStudy\WWW\minigongszzw\App\Api\Conf\config.php 第 33 行.
NOTIC: [8] Use of undefined constant LOAD_EXT_CONFIG - assumed 'LOAD_EXT_CONFIG' F:\phpStudy\WWW\minigongszzw\App\Api\Conf\config.php 第 40 行.
NOTIC: [8] Undefined variable: notify_url F:\phpStudy\WWW\minigongszzw\App\Api\Conf\config.php 第 55 行.
NOTIC: [8] Undefined variable: return_url F:\phpStudy\WWW\minigongszzw\App\Api\Conf\config.php 第 58 行.
NOTIC: [8] Undefined index: key F:\phpStudy\WWW\minigongszzw\App\Api\Conf\config.php 第 62 行.
NOTIC: [8] Undefined index: key F:\phpStudy\WWW\minigongszzw\App\Api\Conf\config.php 第 66 行.

[ 2017-08-28T18:57:19+08:00 ] ::1 /minigongszzw/index.php/Api/Affiliate/index
NOTIC: [8] Use of undefined constant SHOW_PAGE_TRACE - assumed 'SHOW_PAGE_TRACE' F:\phpStudy\WWW\minigongszzw\App\Common\Conf\debug.php 第 4 行.
INFO: [ app_init ] --START--
INFO: Run Behavior\BuildLiteBehavior [ RunTime:0.000016s ]
INFO: [ app_init ] --END-- [ RunTime:0.000066s ]
NOTIC: [8] Undefined variable: sckey F:\phpStudy\WWW\minigongszzw\App\Api\Conf\config.php 第 33 行.
NOTIC: [8] Undefined variable: sckey F:\phpStudy\WWW\minigongszzw\App\Api\Conf\config.php 第 33 行.
NOTIC: [8] Undefined variable: sckey F:\phpStudy\WWW\minigongszzw\App\Api\Conf\config.php 第 33 行.
NOTIC: [8] Use of undefined constant LOAD_EXT_CONFIG - assumed 'LOAD_EXT_CONFIG' F:\phpStudy\WWW\minigongszzw\App\Api\Conf\config.php 第 40 行.
NOTIC: [8] Undefined variable: notify_url F:\phpStudy\WWW\minigongszzw\App\Api\Conf\config.php 第 55 行.
NOTIC: [8] Undefined variable: return_url F:\phpStudy\WWW\minigongszzw\App\Api\Conf\config.php 第 58 行.
NOTIC: [8] Undefined index: key F:\phpStudy\WWW\minigongszzw\App\Api\Conf\config.php 第 62 行.
NOTIC: [8] Undefined index: key F:\phpStudy\WWW\minigongszzw\App\Api\Conf\config.php 第 66 行.

[ 2017-08-28T18:57:34+08:00 ] ::1 /minigongszzw/index.php/Api/Affiliate/index
NOTIC: [8] Use of undefined constant SHOW_PAGE_TRACE - assumed 'SHOW_PAGE_TRACE' F:\phpStudy\WWW\minigongszzw\App\Common\Conf\debug.php 第 4 行.
INFO: [ app_init ] --START--
INFO: Run Behavior\BuildLiteBehavior [ RunTime:0.000015s ]
INFO: [ app_init ] --END-- [ RunTime:0.000061s ]
NOTIC: [8] Undefined variable: sckey F:\phpStudy\WWW\minigongszzw\App\Api\Conf\config.php 第 33 行.
NOTIC: [8] Undefined variable: sckey F:\phpStudy\WWW\minigongszzw\App\Api\Conf\config.php 第 33 行.
NOTIC: [8] Undefined variable: sckey F:\phpStudy\WWW\minigongszzw\App\Api\Conf\config.php 第 33 行.
NOTIC: [8] Use of undefined constant LOAD_EXT_CONFIG - assumed 'LOAD_EXT_CONFIG' F:\phpStudy\WWW\minigongszzw\App\Api\Conf\config.php 第 40 行.
NOTIC: [8] Undefined variable: notify_url F:\phpStudy\WWW\minigongszzw\App\Api\Conf\config.php 第 55 行.
NOTIC: [8] Undefined variable: return_url F:\phpStudy\WWW\minigongszzw\App\Api\Conf\config.php 第 58 行.
NOTIC: [8] Undefined index: key F:\phpStudy\WWW\minigongszzw\App\Api\Conf\config.php 第 62 行.
NOTIC: [8] Undefined index: key F:\phpStudy\WWW\minigongszzw\App\Api\Conf\config.php 第 66 行.

[ 2017-08-28T18:59:43+08:00 ] ::1 /minigongszzw/index.php/Api/Index/index
NOTIC: [8] Use of undefined constant SHOW_PAGE_TRACE - assumed 'SHOW_PAGE_TRACE' F:\phpStudy\WWW\minigongszzw\App\Common\Conf\debug.php 第 4 行.
INFO: [ app_init ] --START--
INFO: Run Behavior\BuildLiteBehavior [ RunTime:0.000016s ]
INFO: [ app_init ] --END-- [ RunTime:0.000066s ]
NOTIC: [8] Undefined variable: sckey F:\phpStudy\WWW\minigongszzw\App\Api\Conf\config.php 第 33 行.
NOTIC: [8] Undefined variable: sckey F:\phpStudy\WWW\minigongszzw\App\Api\Conf\config.php 第 33 行.
NOTIC: [8] Undefined variable: sckey F:\phpStudy\WWW\minigongszzw\App\Api\Conf\config.php 第 33 行.
NOTIC: [8] Use of undefined constant LOAD_EXT_CONFIG - assumed 'LOAD_EXT_CONFIG' F:\phpStudy\WWW\minigongszzw\App\Api\Conf\config.php 第 40 行.
NOTIC: [8] Undefined variable: notify_url F:\phpStudy\WWW\minigongszzw\App\Api\Conf\config.php 第 55 行.
NOTIC: [8] Undefined variable: return_url F:\phpStudy\WWW\minigongszzw\App\Api\Conf\config.php 第 58 行.
NOTIC: [8] Undefined index: key F:\phpStudy\WWW\minigongszzw\App\Api\Conf\config.php 第 62 行.
NOTIC: [8] Undefined index: key F:\phpStudy\WWW\minigongszzw\App\Api\Conf\config.php 第 66 行.

[ 2017-08-28T19:15:00+08:00 ] ::1 /minigongszzw/index.php/Api/Index/index
NOTIC: [8] Use of undefined constant SHOW_PAGE_TRACE - assumed 'SHOW_PAGE_TRACE' F:\phpStudy\WWW\minigongszzw\App\Common\Conf\debug.php 第 4 行.
INFO: [ app_init ] --START--
INFO: Run Behavior\BuildLiteBehavior [ RunTime:0.000017s ]
INFO: [ app_init ] --END-- [ RunTime:0.000076s ]
NOTIC: [8] Undefined variable: sckey F:\phpStudy\WWW\minigongszzw\App\Api\Conf\config.php 第 33 行.
NOTIC: [8] Undefined variable: sckey F:\phpStudy\WWW\minigongszzw\App\Api\Conf\config.php 第 33 行.
NOTIC: [8] Undefined variable: sckey F:\phpStudy\WWW\minigongszzw\App\Api\Conf\config.php 第 33 行.
NOTIC: [8] Use of undefined constant LOAD_EXT_CONFIG - assumed 'LOAD_EXT_CONFIG' F:\phpStudy\WWW\minigongszzw\App\Api\Conf\config.php 第 40 行.
NOTIC: [8] Undefined variable: notify_url F:\phpStudy\WWW\minigongszzw\App\Api\Conf\config.php 第 55 行.
NOTIC: [8] Undefined variable: return_url F:\phpStudy\WWW\minigongszzw\App\Api\Conf\config.php 第 58 行.
NOTIC: [8] Undefined index: key F:\phpStudy\WWW\minigongszzw\App\Api\Conf\config.php 第 62 行.
NOTIC: [8] Undefined index: key F:\phpStudy\WWW\minigongszzw\App\Api\Conf\config.php 第 66 行.

